#
# There is insufficient memory for the Java Runtime Environment to continue.
# Native memory allocation (mmap) failed to map 130023424 bytes for Failed to commit area from 0x0000000084000000 to 0x000000008bc00000 of length 130023424.
# Possible reasons:
#   The system is out of physical RAM or swap space
#   The process is running with CompressedOops enabled, and the Java Heap may be blocking the growth of the native heap
# Possible solutions:
#   Reduce memory load on the system
#   Increase physical memory or swap space
#   Check if swap backing store is full
#   Decrease Java heap size (-Xmx/-Xms)
#   Decrease number of Java threads
#   Decrease Java thread stack sizes (-Xss)
#   Set larger code cache with -XX:ReservedCodeCacheSize=
# This output file may be truncated or incomplete.
#
#  Out of Memory Error (./src/hotspot/os/windows/os_windows.cpp:3386), pid=10452, tid=9744
#
# JRE version:  (11.0.18+10) (build )
# Java VM: OpenJDK 64-Bit Server VM (11.0.18+10-LTS, mixed mode, sharing, tiered, compressed oops, g1 gc, windows-amd64)
# No core dump will be written. Minidumps are not enabled by default on client versions of Windows
#

---------------  S U M M A R Y ------------

Command Line: 

Host: Intel(R) Core(TM) i3-1005G1 CPU @ 1.20GHz, 4 cores, 7G,  Windows 11 , 64 bit Build 22621 (10.0.22621.1485)
Time: Mon May  8 13:01:34 2023 India Standard Time elapsed time: 0.064989 seconds (0d 0h 0m 0s)

---------------  T H R E A D  ---------------

Current thread (0x00000293b8f3b800):  JavaThread "Unknown thread" [_thread_in_vm, id=9744, stack(0x000000d579800000,0x000000d579900000)]

Stack: [0x000000d579800000,0x000000d579900000]
Native frames: (J=compiled Java code, j=interpreted, Vv=VM code, C=native code)
V  [jvm.dll+0x62bf8a]
V  [jvm.dll+0x7b8fb9]
V  [jvm.dll+0x7ba6a8]
V  [jvm.dll+0x7bad83]
V  [jvm.dll+0x250248]
V  [jvm.dll+0x62929a]
V  [jvm.dll+0x61d855]
V  [jvm.dll+0x30c32c]
V  [jvm.dll+0x30c1b2]
V  [jvm.dll+0x310ec6]
V  [jvm.dll+0x356f0f]
V  [jvm.dll+0x356940]
V  [jvm.dll+0x2e9348]
V  [jvm.dll+0x2ea4a6]
V  [jvm.dll+0x792e07]
V  [jvm.dll+0x79458f]
V  [jvm.dll+0x363c69]
V  [jvm.dll+0x775d70]
V  [jvm.dll+0x3d297f]
V  [jvm.dll+0x3d4d11]
C  [jli.dll+0x5207]
C  [ucrtbase.dll+0x29363]
C  [KERNEL32.DLL+0x1269d]
C  [ntdll.dll+0x5a9f8]


---------------  P R O C E S S  ---------------

Threads class SMR info:
_java_thread_list=0x00000293b6cf5300, length=0, elements={
}

Java Threads: ( => current thread )

Other Threads:
  0x00000293b8f55800 GCTaskThread "GC Thread#0" [stack: 0x000000d579a00000,0x000000d579b00000] [id=5192]
  0x00000293b8f85000 ConcurrentGCThread "G1 Main Marker" [stack: 0x000000d579b00000,0x000000d579c00000] [id=4820]
  0x00000293b8f88000 ConcurrentGCThread "G1 Conc#0" [stack: 0x000000d579c00000,0x000000d579d00000] [id=5280]

[error occurred during error reporting (printing all threads), id 0xc0000005, EXCEPTION_ACCESS_VIOLATION (0xc0000005) at pc=0x00007ffc298c8b17]

VM state:not at safepoint (not fully initialized)

VM Mutex/Monitor currently owned by a thread:  ([mutex/lock_event])
[0x00000293b8f38d40] Heap_lock - owner thread: 0x00000293b8f3b800

Heap address: 0x0000000084000000, size: 1984 MB, Compressed Oops mode: Non-zero based: 0x0000000084000000
Narrow klass base: 0x0000000000000000, Narrow klass shift: 0

GC Heap History (0 events):
No events

Deoptimization events (0 events):
No events

Classes redefined (0 events):
No events

Internal exceptions (0 events):
No events

Events (1 events):
Event: 0.052 Loaded shared library C:\Program Files\Microsoft\jdk-11.0.18.10-hotspot\bin\zip.dll


Dynamic libraries:
0x00007ff6bfc60000 - 0x00007ff6bfc6d000 	C:\Program Files\Microsoft\jdk-11.0.18.10-hotspot\bin\java.exe
0x00007ffcb7490000 - 0x00007ffcb76a4000 	C:\WINDOWS\SYSTEM32\ntdll.dll
0x00007ffcb6ca0000 - 0x00007ffcb6d62000 	C:\WINDOWS\System32\KERNEL32.DLL
0x00007ffcb4990000 - 0x00007ffcb4d2c000 	C:\WINDOWS\System32\KERNELBASE.dll
0x00007ffcb5060000 - 0x00007ffcb5171000 	C:\WINDOWS\System32\ucrtbase.dll
0x00007ffc2b220000 - 0x00007ffc2b237000 	C:\Program Files\Microsoft\jdk-11.0.18.10-hotspot\bin\jli.dll
0x00007ffcb6a90000 - 0x00007ffcb6c3b000 	C:\WINDOWS\System32\USER32.dll
0x00007ffcb4f10000 - 0x00007ffcb4f36000 	C:\WINDOWS\System32\win32u.dll
0x00007ffcb6fd0000 - 0x00007ffcb6ff9000 	C:\WINDOWS\System32\GDI32.dll
0x00007ffcb5180000 - 0x00007ffcb5293000 	C:\WINDOWS\System32\gdi32full.dll
0x00007ffcb4f40000 - 0x00007ffcb4fda000 	C:\WINDOWS\System32\msvcp_win.dll
0x00007ffc2b200000 - 0x00007ffc2b215000 	C:\Program Files\Microsoft\jdk-11.0.18.10-hotspot\bin\VCRUNTIME140.dll
0x00007ffc9dec0000 - 0x00007ffc9e14e000 	C:\WINDOWS\WinSxS\amd64_microsoft.windows.common-controls_6595b64144ccf1df_6.0.22621.608_none_a9444ca7c10bb01d\COMCTL32.dll
0x00007ffcb52a0000 - 0x00007ffcb5347000 	C:\WINDOWS\System32\msvcrt.dll
0x00007ffcb5c90000 - 0x00007ffcb5cc1000 	C:\WINDOWS\System32\IMM32.DLL
0x00007ffc2b070000 - 0x00007ffc2b10b000 	C:\Program Files\Microsoft\jdk-11.0.18.10-hotspot\bin\msvcp140.dll
0x00007ffc295d0000 - 0x00007ffc2a162000 	C:\Program Files\Microsoft\jdk-11.0.18.10-hotspot\bin\server\jvm.dll
0x00007ffcb5d80000 - 0x00007ffcb5e2e000 	C:\WINDOWS\System32\ADVAPI32.dll
0x00007ffcb7390000 - 0x00007ffcb7434000 	C:\WINDOWS\System32\sechost.dll
0x00007ffcb6730000 - 0x00007ffcb6847000 	C:\WINDOWS\System32\RPCRT4.dll
0x00007ffcb53d0000 - 0x00007ffcb53d8000 	C:\WINDOWS\System32\PSAPI.DLL
0x00007ffc919e0000 - 0x00007ffc919e9000 	C:\WINDOWS\SYSTEM32\WSOCK32.dll
0x00007ffcb5350000 - 0x00007ffcb53c1000 	C:\WINDOWS\System32\WS2_32.dll
0x00007ffcabd90000 - 0x00007ffcabdc4000 	C:\WINDOWS\SYSTEM32\WINMM.dll
0x00007ffca9cf0000 - 0x00007ffca9cfa000 	C:\WINDOWS\SYSTEM32\VERSION.dll
0x00007ffcb38e0000 - 0x00007ffcb38f8000 	C:\WINDOWS\SYSTEM32\kernel.appcore.dll
0x00007ffc2b020000 - 0x00007ffc2b030000 	C:\Program Files\Microsoft\jdk-11.0.18.10-hotspot\bin\verify.dll
0x00007ffcb2270000 - 0x00007ffcb249e000 	C:\WINDOWS\SYSTEM32\DBGHELP.DLL
0x00007ffcb7000000 - 0x00007ffcb7389000 	C:\WINDOWS\System32\combase.dll
0x00007ffcb6850000 - 0x00007ffcb6927000 	C:\WINDOWS\System32\OLEAUT32.dll
0x00007ffca2fa0000 - 0x00007ffca2fd2000 	C:\WINDOWS\SYSTEM32\dbgcore.DLL
0x00007ffcb4fe0000 - 0x00007ffcb505b000 	C:\WINDOWS\System32\bcryptPrimitives.dll
0x00007ffc2ab30000 - 0x00007ffc2ab58000 	C:\Program Files\Microsoft\jdk-11.0.18.10-hotspot\bin\java.dll
0x00007ffc2b010000 - 0x00007ffc2b01a000 	C:\Program Files\Microsoft\jdk-11.0.18.10-hotspot\bin\jimage.dll
0x00007ffc2aff0000 - 0x00007ffc2b008000 	C:\Program Files\Microsoft\jdk-11.0.18.10-hotspot\bin\zip.dll

dbghelp: loaded successfully - version: 4.0.5 - missing functions: none
symbol engine: initialized successfully - sym options: 0x614 - pdb path: .;C:\Program Files\Microsoft\jdk-11.0.18.10-hotspot\bin;C:\WINDOWS\SYSTEM32;C:\WINDOWS\WinSxS\amd64_microsoft.windows.common-controls_6595b64144ccf1df_6.0.22621.608_none_a9444ca7c10bb01d;C:\Program Files\Microsoft\jdk-11.0.18.10-hotspot\bin\server

VM Arguments:
java_command: <unknown>
java_class_path (initial): <not set>
Launcher Type: SUN_STANDARD

[Global flags]
     intx CICompilerCount                          = 3                                         {product} {ergonomic}
     uint ConcGCThreads                            = 1                                         {product} {ergonomic}
     uint G1ConcRefinementThreads                  = 4                                         {product} {ergonomic}
   size_t G1HeapRegionSize                         = 1048576                                   {product} {ergonomic}
    uintx GCDrainStackTargetSize                   = 64                                        {product} {ergonomic}
   size_t InitialHeapSize                          = 130023424                                 {product} {ergonomic}
   size_t MarkStackSize                            = 4194304                                   {product} {ergonomic}
   size_t MaxHeapSize                              = 2080374784                                {product} {ergonomic}
   size_t MinHeapDeltaBytes                        = 1048576                                   {product} {ergonomic}
    uintx NonNMethodCodeHeapSize                   = 5830732                                {pd product} {ergonomic}
    uintx NonProfiledCodeHeapSize                  = 122913754                              {pd product} {ergonomic}
    uintx ProfiledCodeHeapSize                     = 122913754                              {pd product} {ergonomic}
    uintx ReservedCodeCacheSize                    = 251658240                              {pd product} {ergonomic}
     bool SegmentedCodeCache                       = true                                      {product} {ergonomic}
     bool UseCompressedClassPointers               = true                                 {lp64_product} {ergonomic}
     bool UseCompressedOops                        = true                                 {lp64_product} {ergonomic}
     bool UseG1GC                                  = true                                      {product} {ergonomic}
     bool UseLargePagesIndividualAllocation        = false                                  {pd product} {ergonomic}

Logging:
Log output configuration:
 #0: stdout all=warning uptime,level,tags
 #1: stderr all=off uptime,level,tags

Environment Variables:
PATH=D:\Portfolio\react_native\android\node_modules\.bin;D:\Portfolio\react_native\node_modules\.bin;D:\Portfolio\node_modules\.bin;D:\node_modules\.bin;C:\Program Files\nodejs;D:\Portfolio\react_native\node_modules\.bin;D:\Portfolio\node_modules\.bin;D:\node_modules\.bin;C:\Users\VISHAMBAR DUTT\AppData\Roaming\npm\node_modules\npm\node_modules\@npmcli\run-script\lib\node-gyp-bin;D:\Portfolio\react_native\node_modules\.bin;D:\Portfolio\react_native\node_modules\.bin;D:\Portfolio\node_modules\.bin;D:\node_modules\.bin;C:\Program Files\nodejs;D:\Portfolio\react_native\node_modules\.bin;D:\Portfolio\node_modules\.bin;D:\node_modules\.bin;C:\Users\VISHAMBAR DUTT\AppData\Roaming\npm\node_modules\npm\node_modules\@npmcli\run-script\lib\node-gyp-bin;C:\Program Files\PowerShell\7;C:\Program Files\Microsoft\jdk-11.0.18.10-hotspot\bin;C:\Program Files\Java\jdk-17.0.5\bin;C:\ProgramData\chocolatey\bin;C:\Program Files\nodejs\;C:\Users\VISHAMBAR DUTT\AppData\Local\Android\Sdk\platform-tools;C:\Program Files\Git\cmd;C:\Users\VISHAMBAR DUTT\AppData\Local\Microsoft\WindowsApps;C:\Program Files\Java\jdk-17.0.5\bin;C:\apache-ant-1.9.16\bin;C:\Users\VISHAMBAR DUTT\AppData\Roaming\npm;C:\Users\VISHAMBAR DUTT\AppData\Local\Programs\Microsoft VS Code\bin;D:\Portfolio\react_native\node_modules\.bin
USERNAME=admin
LANG=en_US.UTF-8
OS=Windows_NT
PROCESSOR_IDENTIFIER=Intel64 Family 6 Model 126 Stepping 5, GenuineIntel
TMP=C:\Users\VISHAM~1\AppData\Local\Temp
TEMP=C:\Users\VISHAM~1\AppData\Local\Temp



---------------  S Y S T E M  ---------------

OS: Windows 11 , 64 bit Build 22621 (10.0.22621.1485)
OS uptime: 0 days 0:08 hours
Hyper-V role detected

CPU:total 4 (initial active 4) (2 cores per cpu, 2 threads per core) family 6 model 126 stepping 5 microcode 0xa8, cmov, cx8, fxsr, mmx, sse, sse2, sse3, ssse3, sse4.1, sse4.2, popcnt, avx, avx2, aes, clmul, erms, 3dnowpref, lzcnt, ht, tsc, tscinvbit, bmi1, bmi2, adx, evex, sha, fma

Memory: 4k page, system-wide physical 7934M (867M free)
TotalPageFile size 7934M (AvailPageFile size 89M)
current process WorkingSet (physical memory assigned to process): 10M, peak: 10M
current process commit charge ("private bytes"): 51M, peak: 175M

vm_info: OpenJDK 64-Bit Server VM (11.0.18+10-LTS) for windows-amd64 JRE (11.0.18+10-LTS), built on Jan 18 2023 15:56:47 by "MicrosoftCorporation" with MS VC++ 15.9 (VS2017)

END.
