#
# There is insufficient memory for the Java Runtime Environment to continue.
# Native memory allocation (malloc) failed to allocate 832016 bytes for Chunk::new
# Possible reasons:
#   The system is out of physical RAM or swap space
#   The process is running with CompressedOops enabled, and the Java Heap may be blocking the growth of the native heap
# Possible solutions:
#   Reduce memory load on the system
#   Increase physical memory or swap space
#   Check if swap backing store is full
#   Decrease Java heap size (-Xmx/-Xms)
#   Decrease number of Java threads
#   Decrease Java thread stack sizes (-Xss)
#   Set larger code cache with -XX:ReservedCodeCacheSize=
#   JVM is running with Unscaled Compressed Oops mode in which the Java heap is
#     placed in the first 4GB address space. The Java Heap base address is the
#     maximum limit for the native heap growth. Please use -XX:HeapBaseMinAddress
#     to set the Java Heap base and to place the Java Heap above 4GB virtual address.
# This output file may be truncated or incomplete.
#
#  Out of Memory Error (arena.cpp:197), pid=3664, tid=12224
#
# JRE version: OpenJDK Runtime Environment Microsoft-7621296 (11.0.19+7) (build 11.0.19+7-LTS)
# Java VM: OpenJDK 64-Bit Server VM Microsoft-7621296 (11.0.19+7-LTS, mixed mode, tiered, compressed oops, g1 gc, windows-amd64)
# No core dump will be written. Minidumps are not enabled by default on client versions of Windows
#

---------------  S U M M A R Y ------------

Command Line: -XX:MaxMetaspaceSize=512m --add-opens=java.base/java.util=ALL-UNNAMED --add-opens=java.base/java.lang=ALL-UNNAMED --add-opens=java.base/java.lang.invoke=ALL-UNNAMED --add-opens=java.base/java.util=ALL-UNNAMED --add-opens=java.prefs/java.util.prefs=ALL-UNNAMED --add-opens=java.prefs/java.util.prefs=ALL-UNNAMED --add-opens=java.base/java.nio.charset=ALL-UNNAMED --add-opens=java.base/java.net=ALL-UNNAMED --add-opens=java.base/java.util.concurrent.atomic=ALL-UNNAMED -Xmx2048m -Dfile.encoding=windows-1252 -Duser.country=IN -Duser.language=en -Duser.variant org.gradle.launcher.daemon.bootstrap.GradleDaemon 7.5.1

Host: Intel(R) Core(TM) i3-1005G1 CPU @ 1.20GHz, 4 cores, 7G,  Windows 11 , 64 bit Build 22621 (10.0.22621.1485)
Time: Mon May  8 22:25:24 2023 India Standard Time elapsed time: 32.148150 seconds (0d 0h 0m 32s)

---------------  T H R E A D  ---------------

Current thread (0x000001e44e3b8000):  JavaThread "C2 CompilerThread0" daemon [_thread_in_native, id=12224, stack(0x0000004cdd800000,0x0000004cdd900000)]


Current CompileTask:
C2:  32148 5783   !   4       com.google.common.reflect.TypeVisitor::visit (244 bytes)

Stack: [0x0000004cdd800000,0x0000004cdd900000]
Native frames: (J=compiled Java code, j=interpreted, Vv=VM code, C=native code)
V  [jvm.dll+0x62caaa]
V  [jvm.dll+0x7b9fc9]
V  [jvm.dll+0x7bb6b8]
V  [jvm.dll+0x7bbd93]
V  [jvm.dll+0x250298]
V  [jvm.dll+0xc264c]
V  [jvm.dll+0xc2c0c]
V  [jvm.dll+0x2c4ed4]
V  [jvm.dll+0x5348bc]
V  [jvm.dll+0x208c36]
V  [jvm.dll+0x20ae6d]
V  [jvm.dll+0x2083fb]
V  [jvm.dll+0x18a4f1]
V  [jvm.dll+0x217efc]
V  [jvm.dll+0x21613b]
V  [jvm.dll+0x77cad0]
V  [jvm.dll+0x775a04]
V  [jvm.dll+0x62b915]
C  [ucrtbase.dll+0x29363]
C  [KERNEL32.DLL+0x1269d]
C  [ntdll.dll+0x5a9f8]


---------------  P R O C E S S  ---------------

Threads class SMR info:
_java_thread_list=0x000001e44f3efd50, length=73, elements={
0x000001e42fb52000, 0x000001e44e390800, 0x000001e44e399800, 0x000001e44ed33000,
0x000001e44e3b4000, 0x000001e44e3b7000, 0x000001e44e3b8000, 0x000001e44e3ba000,
0x000001e44e3c9800, 0x000001e44ee63000, 0x000001e4519ff000, 0x000001e451a03000,
0x000001e451a00000, 0x000001e451a02800, 0x000001e451a00800, 0x000001e451a04000,
0x000001e451a04800, 0x000001e451a05800, 0x000001e451a01800, 0x000001e450d99000,
0x000001e450d9a000, 0x000001e450d96800, 0x000001e450d95800, 0x000001e450d9a800,
0x000001e450d95000, 0x000001e450d9b800, 0x000001e450d9c000, 0x000001e450d9d000,
0x000001e450d97800, 0x000001e450d9e000, 0x000001e450d98000, 0x000001e450da0800,
0x000001e450da3800, 0x000001e450da2800, 0x000001e453fa4800, 0x000001e453fa8000,
0x000001e453fa4000, 0x000001e453fa9800, 0x000001e453faa800, 0x000001e453fab000,
0x000001e453fa9000, 0x000001e453fa5800, 0x000001e453fa7000, 0x000001e453fac000,
0x000001e453fa6800, 0x000001e453fb2800, 0x000001e453faf800, 0x000001e453fb1000,
0x000001e453fb0000, 0x000001e453fb1800, 0x000001e453fad000, 0x000001e453fad800,
0x000001e453fae800, 0x000001e44f565000, 0x000001e44f564000, 0x000001e44f566800,
0x000001e44f565800, 0x000001e44f568000, 0x000001e44f56b800, 0x000001e44f56c000,
0x000001e44f56d000, 0x000001e44f567800, 0x000001e44f56e800, 0x000001e44f56e000,
0x000001e44f569000, 0x000001e44f56f800, 0x000001e44f569800, 0x000001e44f570800,
0x000001e44f56a800, 0x000001e44f571000, 0x000001e44f572000, 0x000001e44f572800,
0x000001e450d29000
}

Java Threads: ( => current thread )
  0x000001e42fb52000 JavaThread "main" [_thread_blocked, id=2560, stack(0x0000004cdcc00000,0x0000004cdcd00000)]
  0x000001e44e390800 JavaThread "Reference Handler" daemon [_thread_blocked, id=2424, stack(0x0000004cdd300000,0x0000004cdd400000)]
  0x000001e44e399800 JavaThread "Finalizer" daemon [_thread_blocked, id=1284, stack(0x0000004cdd400000,0x0000004cdd500000)]
  0x000001e44ed33000 JavaThread "Signal Dispatcher" daemon [_thread_blocked, id=6852, stack(0x0000004cdd500000,0x0000004cdd600000)]
  0x000001e44e3b4000 JavaThread "Attach Listener" daemon [_thread_blocked, id=9364, stack(0x0000004cdd600000,0x0000004cdd700000)]
  0x000001e44e3b7000 JavaThread "Service Thread" daemon [_thread_blocked, id=7544, stack(0x0000004cdd700000,0x0000004cdd800000)]
=>0x000001e44e3b8000 JavaThread "C2 CompilerThread0" daemon [_thread_in_native, id=12224, stack(0x0000004cdd800000,0x0000004cdd900000)]
  0x000001e44e3ba000 JavaThread "C1 CompilerThread0" daemon [_thread_blocked, id=12612, stack(0x0000004cdd900000,0x0000004cdda00000)]
  0x000001e44e3c9800 JavaThread "Sweeper thread" daemon [_thread_blocked, id=15312, stack(0x0000004cdda00000,0x0000004cddb00000)]
  0x000001e44ee63000 JavaThread "Common-Cleaner" daemon [_thread_blocked, id=10112, stack(0x0000004cddb00000,0x0000004cddc00000)]
  0x000001e4519ff000 JavaThread "Daemon health stats" [_thread_blocked, id=14344, stack(0x0000004cddf00000,0x0000004cde000000)]
  0x000001e451a03000 JavaThread "Incoming local TCP Connector on port 52687" [_thread_in_native, id=3328, stack(0x0000004cddd00000,0x0000004cdde00000)]
  0x000001e451a00000 JavaThread "Daemon periodic checks" [_thread_blocked, id=7948, stack(0x0000004cde000000,0x0000004cde100000)]
  0x000001e451a02800 JavaThread "Daemon" [_thread_blocked, id=2556, stack(0x0000004cde100000,0x0000004cde200000)]
  0x000001e451a00800 JavaThread "Handler for socket connection from /127.0.0.1:52687 to /127.0.0.1:52688" [_thread_in_native, id=644, stack(0x0000004cde200000,0x0000004cde300000)]
  0x000001e451a04000 JavaThread "Cancel handler" [_thread_blocked, id=6820, stack(0x0000004cde600000,0x0000004cde700000)]
  0x000001e451a04800 JavaThread "Daemon worker" [_thread_blocked, id=14720, stack(0x0000004cde700000,0x0000004cde800000)]
  0x000001e451a05800 JavaThread "Asynchronous log dispatcher for DefaultDaemonConnection: socket connection from /127.0.0.1:52687 to /127.0.0.1:52688" [_thread_blocked, id=8232, stack(0x0000004cde800000,0x0000004cde900000)]
  0x000001e451a01800 JavaThread "Stdin handler" [_thread_blocked, id=12888, stack(0x0000004cde900000,0x0000004cdea00000)]
  0x000001e450d99000 JavaThread "Daemon client event forwarder" [_thread_blocked, id=12084, stack(0x0000004cdea00000,0x0000004cdeb00000)]
  0x000001e450d9a000 JavaThread "Cache worker for journal cache (C:\Users\VISHAMBAR DUTT\.gradle\caches\journal-1)" [_thread_blocked, id=15284, stack(0x0000004cdeb00000,0x0000004cdec00000)]
  0x000001e450d96800 JavaThread "File lock request listener" [_thread_in_native, id=10340, stack(0x0000004cdec00000,0x0000004cded00000)]
  0x000001e450d95800 JavaThread "Cache worker for file hash cache (C:\Users\VISHAMBAR DUTT\.gradle\caches\7.5.1\fileHashes)" [_thread_blocked, id=864, stack(0x0000004cded00000,0x0000004cdee00000)]
  0x000001e450d9a800 JavaThread "File watcher server" daemon [_thread_in_native, id=2732, stack(0x0000004cdef00000,0x0000004cdf000000)]
  0x000001e450d95000 JavaThread "File watcher consumer" daemon [_thread_blocked, id=6660, stack(0x0000004cdf000000,0x0000004cdf100000)]
  0x000001e450d9b800 JavaThread "Cache worker for checksums cache (D:\Portfolio\react_native\android\.gradle\7.5.1\checksums)" [_thread_blocked, id=10900, stack(0x0000004cdee00000,0x0000004cdef00000)]
  0x000001e450d9c000 JavaThread "Cache worker for cache directory md-rule (C:\Users\VISHAMBAR DUTT\.gradle\caches\7.5.1\md-rule)" [_thread_blocked, id=6992, stack(0x0000004cdf100000,0x0000004cdf200000)]
  0x000001e450d9d000 JavaThread "Cache worker for file content cache (C:\Users\VISHAMBAR DUTT\.gradle\caches\7.5.1\fileContent)" [_thread_blocked, id=3260, stack(0x0000004cdf200000,0x0000004cdf300000)]
  0x000001e450d97800 JavaThread "Cache worker for file hash cache (D:\Portfolio\react_native\android\.gradle\7.5.1\fileHashes)" [_thread_blocked, id=8436, stack(0x0000004cdf300000,0x0000004cdf400000)]
  0x000001e450d9e000 JavaThread "Cache worker for cache directory md-supplier (C:\Users\VISHAMBAR DUTT\.gradle\caches\7.5.1\md-supplier)" [_thread_blocked, id=9164, stack(0x0000004cdf400000,0x0000004cdf500000)]
  0x000001e450d98000 JavaThread "Cache worker for execution history cache (C:\Users\VISHAMBAR DUTT\.gradle\caches\7.5.1\executionHistory)" [_thread_blocked, id=14716, stack(0x0000004cdf500000,0x0000004cdf600000)]
  0x000001e450da0800 JavaThread "jar transforms" [_thread_blocked, id=7340, stack(0x0000004cdf700000,0x0000004cdf800000)]
  0x000001e450da3800 JavaThread "jar transforms Thread 2" [_thread_blocked, id=6272, stack(0x0000004cdf800000,0x0000004cdf900000)]
  0x000001e450da2800 JavaThread "jar transforms Thread 3" [_thread_blocked, id=2608, stack(0x0000004cdf900000,0x0000004cdfa00000)]
  0x000001e453fa4800 JavaThread "jar transforms Thread 4" [_thread_blocked, id=8296, stack(0x0000004cdfa00000,0x0000004cdfb00000)]
  0x000001e453fa8000 JavaThread "Cache worker for kotlin-dsl (C:\Users\VISHAMBAR DUTT\.gradle\caches\7.5.1\kotlin-dsl)" [_thread_blocked, id=7776, stack(0x0000004cdf600000,0x0000004cdf700000)]
  0x000001e453fa4000 JavaThread "Cache worker for dependencies-accessors (D:\Portfolio\react_native\android\.gradle\7.5.1\dependencies-accessors)" [_thread_blocked, id=12764, stack(0x0000004cdfb00000,0x0000004cdfc00000)]
  0x000001e453fa9800 JavaThread "Cache worker for Build Output Cleanup Cache (D:\Portfolio\react_native\node_modules\react-native-gradle-plugin\.gradle\buildOutputCleanup)" [_thread_blocked, id=10392, stack(0x0000004cdfc00000,0x0000004cdfd00000)]
  0x000001e453faa800 JavaThread "Unconstrained build operations" [_thread_blocked, id=11636, stack(0x0000004cdfe00000,0x0000004cdff00000)]
  0x000001e453fab000 JavaThread "Unconstrained build operations Thread 2" [_thread_blocked, id=488, stack(0x0000004cdff00000,0x0000004ce0000000)]
  0x000001e453fa9000 JavaThread "Unconstrained build operations Thread 3" [_thread_blocked, id=15000, stack(0x0000004ce0000000,0x0000004ce0100000)]
  0x000001e453fa5800 JavaThread "Unconstrained build operations Thread 4" [_thread_blocked, id=252, stack(0x0000004ce0100000,0x0000004ce0200000)]
  0x000001e453fa7000 JavaThread "Unconstrained build operations Thread 5" [_thread_blocked, id=14552, stack(0x0000004ce0200000,0x0000004ce0300000)]
  0x000001e453fac000 JavaThread "Unconstrained build operations Thread 6" [_thread_blocked, id=5964, stack(0x0000004ce0300000,0x0000004ce0400000)]
  0x000001e453fa6800 JavaThread "Unconstrained build operations Thread 7" [_thread_blocked, id=10564, stack(0x0000004ce0400000,0x0000004ce0500000)]
  0x000001e453fb2800 JavaThread "Unconstrained build operations Thread 8" [_thread_blocked, id=12144, stack(0x0000004ce0500000,0x0000004ce0600000)]
  0x000001e453faf800 JavaThread "Unconstrained build operations Thread 9" [_thread_blocked, id=9984, stack(0x0000004ce0600000,0x0000004ce0700000)]
  0x000001e453fb1000 JavaThread "Unconstrained build operations Thread 10" [_thread_blocked, id=15168, stack(0x0000004ce0700000,0x0000004ce0800000)]
  0x000001e453fb0000 JavaThread "Unconstrained build operations Thread 11" [_thread_blocked, id=12640, stack(0x0000004ce0800000,0x0000004ce0900000)]
  0x000001e453fb1800 JavaThread "Unconstrained build operations Thread 12" [_thread_blocked, id=15200, stack(0x0000004ce0900000,0x0000004ce0a00000)]
  0x000001e453fad000 JavaThread "Unconstrained build operations Thread 13" [_thread_blocked, id=1716, stack(0x0000004ce0a00000,0x0000004ce0b00000)]
  0x000001e453fad800 JavaThread "Unconstrained build operations Thread 14" [_thread_blocked, id=11876, stack(0x0000004ce0b00000,0x0000004ce0c00000)]
  0x000001e453fae800 JavaThread "Unconstrained build operations Thread 15" [_thread_blocked, id=12332, stack(0x0000004ce0c00000,0x0000004ce0d00000)]
  0x000001e44f565000 JavaThread "Unconstrained build operations Thread 16" [_thread_blocked, id=1780, stack(0x0000004ce0d00000,0x0000004ce0e00000)]
  0x000001e44f564000 JavaThread "Unconstrained build operations Thread 17" [_thread_blocked, id=15160, stack(0x0000004ce0e00000,0x0000004ce0f00000)]
  0x000001e44f566800 JavaThread "Unconstrained build operations Thread 18" [_thread_blocked, id=14620, stack(0x0000004ce0f00000,0x0000004ce1000000)]
  0x000001e44f565800 JavaThread "Unconstrained build operations Thread 19" [_thread_blocked, id=1056, stack(0x0000004ce1000000,0x0000004ce1100000)]
  0x000001e44f568000 JavaThread "Unconstrained build operations Thread 20" [_thread_blocked, id=7148, stack(0x0000004ce1100000,0x0000004ce1200000)]
  0x000001e44f56b800 JavaThread "Unconstrained build operations Thread 21" [_thread_blocked, id=7712, stack(0x0000004ce1200000,0x0000004ce1300000)]
  0x000001e44f56c000 JavaThread "Unconstrained build operations Thread 22" [_thread_blocked, id=13780, stack(0x0000004ce1300000,0x0000004ce1400000)]
  0x000001e44f56d000 JavaThread "Unconstrained build operations Thread 23" [_thread_blocked, id=8444, stack(0x0000004ce1400000,0x0000004ce1500000)]
  0x000001e44f567800 JavaThread "Unconstrained build operations Thread 24" [_thread_blocked, id=11352, stack(0x0000004ce1500000,0x0000004ce1600000)]
  0x000001e44f56e800 JavaThread "Unconstrained build operations Thread 25" [_thread_blocked, id=14572, stack(0x0000004ce1600000,0x0000004ce1700000)]
  0x000001e44f56e000 JavaThread "Unconstrained build operations Thread 26" [_thread_blocked, id=8124, stack(0x0000004ce1700000,0x0000004ce1800000)]
  0x000001e44f569000 JavaThread "Unconstrained build operations Thread 27" [_thread_blocked, id=14636, stack(0x0000004ce1800000,0x0000004ce1900000)]
  0x000001e44f56f800 JavaThread "Unconstrained build operations Thread 28" [_thread_blocked, id=4140, stack(0x0000004ce1900000,0x0000004ce1a00000)]
  0x000001e44f569800 JavaThread "Unconstrained build operations Thread 29" [_thread_blocked, id=14284, stack(0x0000004ce1a00000,0x0000004ce1b00000)]
  0x000001e44f570800 JavaThread "Unconstrained build operations Thread 30" [_thread_blocked, id=12056, stack(0x0000004ce1b00000,0x0000004ce1c00000)]
  0x000001e44f56a800 JavaThread "Unconstrained build operations Thread 31" [_thread_blocked, id=10720, stack(0x0000004ce1c00000,0x0000004ce1d00000)]
  0x000001e44f571000 JavaThread "Unconstrained build operations Thread 32" [_thread_blocked, id=12424, stack(0x0000004ce1d00000,0x0000004ce1e00000)]
  0x000001e44f572000 JavaThread "Unconstrained build operations Thread 33" [_thread_blocked, id=2828, stack(0x0000004ce1e00000,0x0000004ce1f00000)]
  0x000001e44f572800 JavaThread "build event listener" [_thread_blocked, id=3588, stack(0x0000004ce1f00000,0x0000004ce2000000)]
  0x000001e450d29000 JavaThread "Memory manager" [_thread_blocked, id=7832, stack(0x0000004ce2100000,0x0000004ce2200000)]

Other Threads:
  0x000001e44e38f000 VMThread "VM Thread" [stack: 0x0000004cdd200000,0x0000004cdd300000] [id=12600]
  0x000001e44eeac800 WatcherThread [stack: 0x0000004cddc00000,0x0000004cddd00000] [id=6464]
  0x000001e42fb69800 GCTaskThread "GC Thread#0" [stack: 0x0000004cdcd00000,0x0000004cdce00000] [id=15044]
  0x000001e44f320000 GCTaskThread "GC Thread#1" [stack: 0x0000004cdde00000,0x0000004cddf00000] [id=9176]
  0x000001e451247800 GCTaskThread "GC Thread#2" [stack: 0x0000004cde300000,0x0000004cde400000] [id=14352]
  0x000001e451883000 GCTaskThread "GC Thread#3" [stack: 0x0000004cde400000,0x0000004cde500000] [id=14868]
  0x000001e42fb9b800 ConcurrentGCThread "G1 Main Marker" [stack: 0x0000004cdce00000,0x0000004cdcf00000] [id=4632]
  0x000001e42fb9d000 ConcurrentGCThread "G1 Conc#0" [stack: 0x0000004cdcf00000,0x0000004cdd000000] [id=14496]
  0x000001e42fc1e000 ConcurrentGCThread "G1 Refine#0" [stack: 0x0000004cdd000000,0x0000004cdd100000] [id=11216]
  0x000001e44f46f000 ConcurrentGCThread "G1 Refine#1" [stack: 0x0000004cde500000,0x0000004cde600000] [id=8364]
  0x000001e44e201800 ConcurrentGCThread "G1 Young RemSet Sampling" [stack: 0x0000004cdd100000,0x0000004cdd200000] [id=6408]

Threads with active compile tasks:
C2 CompilerThread0    32228 5783   !   4       com.google.common.reflect.TypeVisitor::visit (244 bytes)

VM state:at safepoint (normal execution)

VM Mutex/Monitor currently owned by a thread:  ([mutex/lock_event])
[0x000001e42fb4d0e0] Threads_lock - owner thread: 0x000001e44e38f000
[0x000001e42fb4c480] Heap_lock - owner thread: 0x000001e451a04800

Heap address: 0x0000000080000000, size: 2048 MB, Compressed Oops mode: 32-bit
Narrow klass base: 0x0000000000000000, Narrow klass shift: 3
Compressed class space size: 528482304 Address: 0x0000000100000000

Heap:
 garbage-first heap   total 152576K, used 44952K [0x0000000080000000, 0x0000000100000000)
  region size 1024K, 6 young (6144K), 6 survivors (6144K)
 Metaspace       used 64194K, capacity 65909K, committed 66000K, reserved 581632K
  class space    used 8303K, capacity 9020K, committed 9088K, reserved 516096K
Heap Regions: E=young(eden), S=young(survivor), O=old, HS=humongous(starts), HC=humongous(continues), CS=collection set, F=free, A=archive, TAMS=top-at-mark-start (previous, next)
|   0|0x0000000080000000, 0x0000000080100000, 0x0000000080100000|100%|HS|  |TAMS 0x0000000080100000, 0x0000000080100000| Complete 
|   1|0x0000000080100000, 0x0000000080200000, 0x0000000080200000|100%|HC|  |TAMS 0x0000000080200000, 0x0000000080200000| Complete 
|   2|0x0000000080200000, 0x0000000080300000, 0x0000000080300000|100%|HC|  |TAMS 0x0000000080300000, 0x0000000080300000| Complete 
|   3|0x0000000080300000, 0x0000000080400000, 0x0000000080400000|100%| O|  |TAMS 0x0000000080400000, 0x0000000080400000| Untracked 
|   4|0x0000000080400000, 0x0000000080500000, 0x0000000080500000|100%| O|  |TAMS 0x0000000080500000, 0x0000000080500000| Untracked 
|   5|0x0000000080500000, 0x0000000080600000, 0x0000000080600000|100%| O|  |TAMS 0x0000000080600000, 0x0000000080600000| Untracked 
|   6|0x0000000080600000, 0x0000000080700000, 0x0000000080700000|100%| O|  |TAMS 0x0000000080700000, 0x0000000080700000| Untracked 
|   7|0x0000000080700000, 0x0000000080800000, 0x0000000080800000|100%| O|  |TAMS 0x0000000080800000, 0x0000000080800000| Untracked 
|   8|0x0000000080800000, 0x0000000080900000, 0x0000000080900000|100%| O|  |TAMS 0x0000000080900000, 0x0000000080900000| Untracked 
|   9|0x0000000080900000, 0x0000000080a00000, 0x0000000080a00000|100%| O|  |TAMS 0x0000000080a00000, 0x0000000080a00000| Untracked 
|  10|0x0000000080a00000, 0x0000000080b00000, 0x0000000080b00000|100%| O|  |TAMS 0x0000000080b00000, 0x0000000080b00000| Untracked 
|  11|0x0000000080b00000, 0x0000000080c00000, 0x0000000080c00000|100%| O|  |TAMS 0x0000000080c00000, 0x0000000080c00000| Untracked 
|  12|0x0000000080c00000, 0x0000000080d00000, 0x0000000080d00000|100%| O|  |TAMS 0x0000000080d00000, 0x0000000080d00000| Untracked 
|  13|0x0000000080d00000, 0x0000000080e00000, 0x0000000080e00000|100%| O|  |TAMS 0x0000000080e00000, 0x0000000080e00000| Untracked 
|  14|0x0000000080e00000, 0x0000000080f00000, 0x0000000080f00000|100%| O|  |TAMS 0x0000000080f00000, 0x0000000080f00000| Untracked 
|  15|0x0000000080f00000, 0x0000000081000000, 0x0000000081000000|100%| O|  |TAMS 0x0000000081000000, 0x0000000081000000| Untracked 
|  16|0x0000000081000000, 0x0000000081100000, 0x0000000081100000|100%| O|  |TAMS 0x0000000081100000, 0x0000000081100000| Untracked 
|  17|0x0000000081100000, 0x0000000081200000, 0x0000000081200000|100%| O|  |TAMS 0x0000000081200000, 0x0000000081200000| Untracked 
|  18|0x0000000081200000, 0x0000000081300000, 0x0000000081300000|100%| O|  |TAMS 0x0000000081300000, 0x0000000081300000| Untracked 
|  19|0x0000000081300000, 0x0000000081400000, 0x0000000081400000|100%| O|  |TAMS 0x0000000081400000, 0x0000000081400000| Untracked 
|  20|0x0000000081400000, 0x0000000081500000, 0x0000000081500000|100%| O|  |TAMS 0x0000000081500000, 0x0000000081500000| Untracked 
|  21|0x0000000081500000, 0x0000000081600000, 0x0000000081600000|100%| O|  |TAMS 0x0000000081600000, 0x0000000081600000| Untracked 
|  22|0x0000000081600000, 0x0000000081700000, 0x0000000081700000|100%| O|  |TAMS 0x0000000081700000, 0x0000000081700000| Untracked 
|  23|0x0000000081700000, 0x0000000081800000, 0x0000000081800000|100%| O|  |TAMS 0x0000000081800000, 0x0000000081800000| Untracked 
|  24|0x0000000081800000, 0x0000000081900000, 0x0000000081900000|100%| O|  |TAMS 0x0000000081900000, 0x0000000081900000| Untracked 
|  25|0x0000000081900000, 0x0000000081a00000, 0x0000000081a00000|100%| O|  |TAMS 0x0000000081a00000, 0x0000000081a00000| Untracked 
|  26|0x0000000081a00000, 0x0000000081b00000, 0x0000000081b00000|100%| O|  |TAMS 0x0000000081b00000, 0x0000000081b00000| Untracked 
|  27|0x0000000081b00000, 0x0000000081c00000, 0x0000000081c00000|100%| O|  |TAMS 0x0000000081c00000, 0x0000000081c00000| Untracked 
|  28|0x0000000081c00000, 0x0000000081d00000, 0x0000000081d00000|100%| O|  |TAMS 0x0000000081d00000, 0x0000000081d00000| Untracked 
|  29|0x0000000081d00000, 0x0000000081e00000, 0x0000000081e00000|100%|HS|  |TAMS 0x0000000081e00000, 0x0000000081e00000| Complete 
|  30|0x0000000081e00000, 0x0000000081f00000, 0x0000000081f00000|100%|HS|  |TAMS 0x0000000081f00000, 0x0000000081f00000| Complete 
|  31|0x0000000081f00000, 0x0000000082000000, 0x0000000082000000|100%|HC|  |TAMS 0x0000000082000000, 0x0000000082000000| Complete 
|  32|0x0000000082000000, 0x0000000082100000, 0x0000000082100000|100%|HC|  |TAMS 0x0000000082100000, 0x0000000082100000| Complete 
|  33|0x0000000082100000, 0x0000000082200000, 0x0000000082200000|100%| O|  |TAMS 0x0000000082200000, 0x0000000082200000| Untracked 
|  34|0x0000000082200000, 0x0000000082300000, 0x0000000082300000|100%| O|  |TAMS 0x0000000082300000, 0x0000000082300000| Untracked 
|  35|0x0000000082300000, 0x0000000082400000, 0x0000000082400000|100%| O|  |TAMS 0x0000000082400000, 0x0000000082400000| Untracked 
|  36|0x0000000082400000, 0x0000000082500000, 0x0000000082500000|100%| O|  |TAMS 0x0000000082500000, 0x0000000082500000| Untracked 
|  37|0x0000000082500000, 0x0000000082600000, 0x0000000082600000|100%| O|  |TAMS 0x0000000082600000, 0x0000000082600000| Untracked 
|  38|0x0000000082600000, 0x00000000826c1400, 0x0000000082700000| 75%| O|  |TAMS 0x00000000826c1400, 0x00000000826c1400| Untracked 
|  39|0x0000000082700000, 0x0000000082700000, 0x0000000082800000|  0%| F|  |TAMS 0x0000000082700000, 0x0000000082700000| Untracked 
|  40|0x0000000082800000, 0x0000000082800000, 0x0000000082900000|  0%| F|  |TAMS 0x0000000082800000, 0x0000000082800000| Untracked 
|  41|0x0000000082900000, 0x0000000082900000, 0x0000000082a00000|  0%| F|  |TAMS 0x0000000082900000, 0x0000000082900000| Untracked 
|  42|0x0000000082a00000, 0x0000000082a00000, 0x0000000082b00000|  0%| F|  |TAMS 0x0000000082a00000, 0x0000000082a00000| Untracked 
|  43|0x0000000082b00000, 0x0000000082b00000, 0x0000000082c00000|  0%| F|  |TAMS 0x0000000082b00000, 0x0000000082b00000| Untracked 
|  44|0x0000000082c00000, 0x0000000082c00000, 0x0000000082d00000|  0%| F|  |TAMS 0x0000000082c00000, 0x0000000082c00000| Untracked 
|  45|0x0000000082d00000, 0x0000000082d00000, 0x0000000082e00000|  0%| F|  |TAMS 0x0000000082d00000, 0x0000000082d00000| Untracked 
|  46|0x0000000082e00000, 0x0000000082e00000, 0x0000000082f00000|  0%| F|  |TAMS 0x0000000082e00000, 0x0000000082e00000| Untracked 
|  47|0x0000000082f00000, 0x0000000082f00000, 0x0000000083000000|  0%| F|  |TAMS 0x0000000082f00000, 0x0000000082f00000| Untracked 
|  48|0x0000000083000000, 0x0000000083000000, 0x0000000083100000|  0%| F|  |TAMS 0x0000000083000000, 0x0000000083000000| Untracked 
|  49|0x0000000083100000, 0x0000000083100000, 0x0000000083200000|  0%| F|  |TAMS 0x0000000083100000, 0x0000000083100000| Untracked 
|  50|0x0000000083200000, 0x0000000083200000, 0x0000000083300000|  0%| F|  |TAMS 0x0000000083200000, 0x0000000083200000| Untracked 
|  51|0x0000000083300000, 0x0000000083300000, 0x0000000083400000|  0%| F|  |TAMS 0x0000000083300000, 0x0000000083300000| Untracked 
|  52|0x0000000083400000, 0x0000000083400000, 0x0000000083500000|  0%| F|  |TAMS 0x0000000083400000, 0x0000000083400000| Untracked 
|  53|0x0000000083500000, 0x0000000083500000, 0x0000000083600000|  0%| F|  |TAMS 0x0000000083500000, 0x0000000083500000| Untracked 
|  54|0x0000000083600000, 0x0000000083600000, 0x0000000083700000|  0%| F|  |TAMS 0x0000000083600000, 0x0000000083600000| Untracked 
|  55|0x0000000083700000, 0x0000000083700000, 0x0000000083800000|  0%| F|  |TAMS 0x0000000083700000, 0x0000000083700000| Untracked 
|  56|0x0000000083800000, 0x0000000083800000, 0x0000000083900000|  0%| F|  |TAMS 0x0000000083800000, 0x0000000083800000| Untracked 
|  57|0x0000000083900000, 0x0000000083900000, 0x0000000083a00000|  0%| F|  |TAMS 0x0000000083900000, 0x0000000083900000| Untracked 
|  58|0x0000000083a00000, 0x0000000083a00000, 0x0000000083b00000|  0%| F|  |TAMS 0x0000000083a00000, 0x0000000083a00000| Untracked 
|  59|0x0000000083b00000, 0x0000000083b00000, 0x0000000083c00000|  0%| F|  |TAMS 0x0000000083b00000, 0x0000000083b00000| Untracked 
|  60|0x0000000083c00000, 0x0000000083c00000, 0x0000000083d00000|  0%| F|  |TAMS 0x0000000083c00000, 0x0000000083c00000| Untracked 
|  61|0x0000000083d00000, 0x0000000083d00000, 0x0000000083e00000|  0%| F|  |TAMS 0x0000000083d00000, 0x0000000083d00000| Untracked 
|  62|0x0000000083e00000, 0x0000000083e00000, 0x0000000083f00000|  0%| F|  |TAMS 0x0000000083e00000, 0x0000000083e00000| Untracked 
|  63|0x0000000083f00000, 0x0000000083f00000, 0x0000000084000000|  0%| F|  |TAMS 0x0000000083f00000, 0x0000000083f00000| Untracked 
|  64|0x0000000084000000, 0x0000000084000000, 0x0000000084100000|  0%| F|  |TAMS 0x0000000084000000, 0x0000000084000000| Untracked 
|  65|0x0000000084100000, 0x0000000084100000, 0x0000000084200000|  0%| F|  |TAMS 0x0000000084100000, 0x0000000084100000| Untracked 
|  66|0x0000000084200000, 0x0000000084200000, 0x0000000084300000|  0%| F|  |TAMS 0x0000000084200000, 0x0000000084200000| Untracked 
|  67|0x0000000084300000, 0x0000000084300000, 0x0000000084400000|  0%| F|  |TAMS 0x0000000084300000, 0x0000000084300000| Untracked 
|  68|0x0000000084400000, 0x0000000084400000, 0x0000000084500000|  0%| F|  |TAMS 0x0000000084400000, 0x0000000084400000| Untracked 
|  69|0x0000000084500000, 0x0000000084500000, 0x0000000084600000|  0%| F|  |TAMS 0x0000000084500000, 0x0000000084500000| Untracked 
|  70|0x0000000084600000, 0x0000000084600000, 0x0000000084700000|  0%| F|  |TAMS 0x0000000084600000, 0x0000000084600000| Untracked 
|  71|0x0000000084700000, 0x0000000084700000, 0x0000000084800000|  0%| F|  |TAMS 0x0000000084700000, 0x0000000084700000| Untracked 
|  72|0x0000000084800000, 0x0000000084800000, 0x0000000084900000|  0%| F|  |TAMS 0x0000000084800000, 0x0000000084800000| Untracked 
|  73|0x0000000084900000, 0x0000000084900000, 0x0000000084a00000|  0%| F|  |TAMS 0x0000000084900000, 0x0000000084900000| Untracked 
|  74|0x0000000084a00000, 0x0000000084a00000, 0x0000000084b00000|  0%| F|  |TAMS 0x0000000084a00000, 0x0000000084a00000| Untracked 
|  75|0x0000000084b00000, 0x0000000084b00000, 0x0000000084c00000|  0%| F|  |TAMS 0x0000000084b00000, 0x0000000084b00000| Untracked 
|  76|0x0000000084c00000, 0x0000000084c00000, 0x0000000084d00000|  0%| F|  |TAMS 0x0000000084c00000, 0x0000000084c00000| Untracked 
|  77|0x0000000084d00000, 0x0000000084d00000, 0x0000000084e00000|  0%| F|  |TAMS 0x0000000084d00000, 0x0000000084d00000| Untracked 
|  78|0x0000000084e00000, 0x0000000084e00000, 0x0000000084f00000|  0%| F|  |TAMS 0x0000000084e00000, 0x0000000084e00000| Untracked 
|  79|0x0000000084f00000, 0x0000000084f00000, 0x0000000085000000|  0%| F|  |TAMS 0x0000000084f00000, 0x0000000084f00000| Untracked 
|  80|0x0000000085000000, 0x0000000085024e08, 0x0000000085100000| 14%| S|CS|TAMS 0x0000000085000000, 0x0000000085000000| Complete 
|  81|0x0000000085100000, 0x0000000085200000, 0x0000000085200000|100%| S|CS|TAMS 0x0000000085100000, 0x0000000085100000| Complete 
|  82|0x0000000085200000, 0x0000000085300000, 0x0000000085300000|100%| S|CS|TAMS 0x0000000085200000, 0x0000000085200000| Complete 
|  83|0x0000000085300000, 0x0000000085400000, 0x0000000085400000|100%| S|CS|TAMS 0x0000000085300000, 0x0000000085300000| Complete 
|  84|0x0000000085400000, 0x0000000085500000, 0x0000000085500000|100%| S|CS|TAMS 0x0000000085400000, 0x0000000085400000| Complete 
|  85|0x0000000085500000, 0x0000000085600000, 0x0000000085600000|100%| S|CS|TAMS 0x0000000085500000, 0x0000000085500000| Complete 
|  86|0x0000000085600000, 0x0000000085600000, 0x0000000085700000|  0%| F|  |TAMS 0x0000000085600000, 0x0000000085600000| Untracked 
|  87|0x0000000085700000, 0x0000000085700000, 0x0000000085800000|  0%| F|  |TAMS 0x0000000085700000, 0x0000000085700000| Untracked 
|  88|0x0000000085800000, 0x0000000085800000, 0x0000000085900000|  0%| F|  |TAMS 0x0000000085800000, 0x0000000085800000| Untracked 
|  89|0x0000000085900000, 0x0000000085900000, 0x0000000085a00000|  0%| F|  |TAMS 0x0000000085900000, 0x0000000085900000| Untracked 
|  90|0x0000000085a00000, 0x0000000085a00000, 0x0000000085b00000|  0%| F|  |TAMS 0x0000000085a00000, 0x0000000085a00000| Untracked 
|  91|0x0000000085b00000, 0x0000000085b00000, 0x0000000085c00000|  0%| F|  |TAMS 0x0000000085b00000, 0x0000000085b00000| Untracked 
|  92|0x0000000085c00000, 0x0000000085c00000, 0x0000000085d00000|  0%| F|  |TAMS 0x0000000085c00000, 0x0000000085c00000| Untracked 
|  93|0x0000000085d00000, 0x0000000085d00000, 0x0000000085e00000|  0%| F|  |TAMS 0x0000000085d00000, 0x0000000085d00000| Untracked 
|  94|0x0000000085e00000, 0x0000000085e00000, 0x0000000085f00000|  0%| F|  |TAMS 0x0000000085e00000, 0x0000000085e00000| Untracked 
|  95|0x0000000085f00000, 0x0000000085f00000, 0x0000000086000000|  0%| F|  |TAMS 0x0000000085f00000, 0x0000000085f00000| Untracked 
|  96|0x0000000086000000, 0x0000000086000000, 0x0000000086100000|  0%| F|  |TAMS 0x0000000086000000, 0x0000000086000000| Untracked 
|  97|0x0000000086100000, 0x0000000086100000, 0x0000000086200000|  0%| F|  |TAMS 0x0000000086100000, 0x0000000086100000| Untracked 
|  98|0x0000000086200000, 0x0000000086200000, 0x0000000086300000|  0%| F|  |TAMS 0x0000000086200000, 0x0000000086200000| Untracked 
|  99|0x0000000086300000, 0x0000000086300000, 0x0000000086400000|  0%| F|  |TAMS 0x0000000086300000, 0x0000000086300000| Untracked 
| 100|0x0000000086400000, 0x0000000086400000, 0x0000000086500000|  0%| F|  |TAMS 0x0000000086400000, 0x0000000086400000| Untracked 
| 101|0x0000000086500000, 0x0000000086500000, 0x0000000086600000|  0%| F|  |TAMS 0x0000000086500000, 0x0000000086500000| Untracked 
| 102|0x0000000086600000, 0x0000000086600000, 0x0000000086700000|  0%| F|  |TAMS 0x0000000086600000, 0x0000000086600000| Untracked 
| 103|0x0000000086700000, 0x0000000086700000, 0x0000000086800000|  0%| F|  |TAMS 0x0000000086700000, 0x0000000086700000| Untracked 
| 104|0x0000000086800000, 0x0000000086800000, 0x0000000086900000|  0%| F|  |TAMS 0x0000000086800000, 0x0000000086800000| Untracked 
| 105|0x0000000086900000, 0x0000000086900000, 0x0000000086a00000|  0%| F|  |TAMS 0x0000000086900000, 0x0000000086900000| Untracked 
| 106|0x0000000086a00000, 0x0000000086a00000, 0x0000000086b00000|  0%| F|  |TAMS 0x0000000086a00000, 0x0000000086a00000| Untracked 
| 107|0x0000000086b00000, 0x0000000086b00000, 0x0000000086c00000|  0%| F|  |TAMS 0x0000000086b00000, 0x0000000086b00000| Untracked 
| 108|0x0000000086c00000, 0x0000000086c00000, 0x0000000086d00000|  0%| F|  |TAMS 0x0000000086c00000, 0x0000000086c00000| Untracked 
| 109|0x0000000086d00000, 0x0000000086d00000, 0x0000000086e00000|  0%| F|  |TAMS 0x0000000086d00000, 0x0000000086d00000| Untracked 
| 110|0x0000000086e00000, 0x0000000086e00000, 0x0000000086f00000|  0%| F|  |TAMS 0x0000000086e00000, 0x0000000086e00000| Untracked 
| 111|0x0000000086f00000, 0x0000000086f00000, 0x0000000087000000|  0%| F|  |TAMS 0x0000000086f00000, 0x0000000086f00000| Untracked 
| 112|0x0000000087000000, 0x0000000087000000, 0x0000000087100000|  0%| F|  |TAMS 0x0000000087000000, 0x0000000087000000| Untracked 
| 113|0x0000000087100000, 0x0000000087100000, 0x0000000087200000|  0%| F|  |TAMS 0x0000000087100000, 0x0000000087100000| Untracked 
| 114|0x0000000087200000, 0x0000000087200000, 0x0000000087300000|  0%| F|  |TAMS 0x0000000087200000, 0x0000000087200000| Untracked 
| 115|0x0000000087300000, 0x0000000087300000, 0x0000000087400000|  0%| F|  |TAMS 0x0000000087300000, 0x0000000087300000| Untracked 
| 116|0x0000000087400000, 0x0000000087400000, 0x0000000087500000|  0%| F|  |TAMS 0x0000000087400000, 0x0000000087400000| Untracked 
| 117|0x0000000087500000, 0x0000000087500000, 0x0000000087600000|  0%| F|  |TAMS 0x0000000087500000, 0x0000000087500000| Untracked 
| 118|0x0000000087600000, 0x0000000087600000, 0x0000000087700000|  0%| F|  |TAMS 0x0000000087600000, 0x0000000087600000| Untracked 
| 119|0x0000000087700000, 0x0000000087700000, 0x0000000087800000|  0%| F|  |TAMS 0x0000000087700000, 0x0000000087700000| Untracked 
| 120|0x0000000087800000, 0x0000000087800000, 0x0000000087900000|  0%| F|  |TAMS 0x0000000087800000, 0x0000000087800000| Untracked 
| 121|0x0000000087900000, 0x0000000087900000, 0x0000000087a00000|  0%| F|  |TAMS 0x0000000087900000, 0x0000000087900000| Untracked 
| 122|0x0000000087a00000, 0x0000000087a00000, 0x0000000087b00000|  0%| F|  |TAMS 0x0000000087a00000, 0x0000000087a00000| Untracked 
| 123|0x0000000087b00000, 0x0000000087b00000, 0x0000000087c00000|  0%| F|  |TAMS 0x0000000087b00000, 0x0000000087b00000| Untracked 
| 124|0x0000000087c00000, 0x0000000087c00000, 0x0000000087d00000|  0%| F|  |TAMS 0x0000000087c00000, 0x0000000087c00000| Untracked 
| 125|0x0000000087d00000, 0x0000000087d00000, 0x0000000087e00000|  0%| F|  |TAMS 0x0000000087d00000, 0x0000000087d00000| Untracked 
| 126|0x0000000087e00000, 0x0000000087e00000, 0x0000000087f00000|  0%| F|  |TAMS 0x0000000087e00000, 0x0000000087e00000| Untracked 
| 127|0x0000000087f00000, 0x0000000087f00000, 0x0000000088000000|  0%| F|  |TAMS 0x0000000087f00000, 0x0000000087f00000| Untracked 
| 128|0x0000000088000000, 0x0000000088000000, 0x0000000088100000|  0%| F|  |TAMS 0x0000000088000000, 0x0000000088000000| Untracked 
| 129|0x0000000088100000, 0x0000000088100000, 0x0000000088200000|  0%| F|  |TAMS 0x0000000088100000, 0x0000000088100000| Untracked 
| 130|0x0000000088200000, 0x0000000088200000, 0x0000000088300000|  0%| F|  |TAMS 0x0000000088200000, 0x0000000088200000| Untracked 
| 131|0x0000000088300000, 0x0000000088300000, 0x0000000088400000|  0%| F|  |TAMS 0x0000000088300000, 0x0000000088300000| Untracked 
| 132|0x0000000088400000, 0x0000000088400000, 0x0000000088500000|  0%| F|  |TAMS 0x0000000088400000, 0x0000000088400000| Untracked 
| 133|0x0000000088500000, 0x0000000088500000, 0x0000000088600000|  0%| F|  |TAMS 0x0000000088500000, 0x0000000088500000| Untracked 
| 134|0x0000000088600000, 0x0000000088600000, 0x0000000088700000|  0%| F|  |TAMS 0x0000000088600000, 0x0000000088600000| Untracked 
| 135|0x0000000088700000, 0x0000000088700000, 0x0000000088800000|  0%| F|  |TAMS 0x0000000088700000, 0x0000000088700000| Untracked 
| 136|0x0000000088800000, 0x0000000088800000, 0x0000000088900000|  0%| F|  |TAMS 0x0000000088800000, 0x0000000088800000| Untracked 
| 137|0x0000000088900000, 0x0000000088900000, 0x0000000088a00000|  0%| F|  |TAMS 0x0000000088900000, 0x0000000088900000| Untracked 
| 138|0x0000000088a00000, 0x0000000088a00000, 0x0000000088b00000|  0%| F|  |TAMS 0x0000000088a00000, 0x0000000088a00000| Untracked 
| 139|0x0000000088b00000, 0x0000000088b00000, 0x0000000088c00000|  0%| F|  |TAMS 0x0000000088b00000, 0x0000000088b00000| Untracked 
| 140|0x0000000088c00000, 0x0000000088c00000, 0x0000000088d00000|  0%| F|  |TAMS 0x0000000088c00000, 0x0000000088c00000| Untracked 
| 141|0x0000000088d00000, 0x0000000088d00000, 0x0000000088e00000|  0%| F|  |TAMS 0x0000000088d00000, 0x0000000088d00000| Untracked 
| 142|0x0000000088e00000, 0x0000000088e00000, 0x0000000088f00000|  0%| F|  |TAMS 0x0000000088e00000, 0x0000000088e00000| Untracked 
| 143|0x0000000088f00000, 0x0000000088f00000, 0x0000000089000000|  0%| F|  |TAMS 0x0000000088f00000, 0x0000000088f00000| Untracked 
| 144|0x0000000089000000, 0x0000000089000000, 0x0000000089100000|  0%| F|  |TAMS 0x0000000089000000, 0x0000000089000000| Untracked 
| 145|0x0000000089100000, 0x0000000089100000, 0x0000000089200000|  0%| F|  |TAMS 0x0000000089100000, 0x0000000089100000| Untracked 
| 146|0x0000000089200000, 0x0000000089200000, 0x0000000089300000|  0%| F|  |TAMS 0x0000000089200000, 0x0000000089200000| Untracked 
| 147|0x0000000089300000, 0x0000000089300000, 0x0000000089400000|  0%| F|  |TAMS 0x0000000089300000, 0x0000000089300000| Untracked 
| 148|0x0000000089400000, 0x0000000089400000, 0x0000000089500000|  0%| F|  |TAMS 0x0000000089400000, 0x0000000089400000| Untracked 

Card table byte_map: [0x000001e4476c0000,0x000001e447ac0000] _byte_map_base: 0x000001e4472c0000

Marking Bits (Prev, Next): (CMBitMap*) 0x000001e42fb92eb0, (CMBitMap*) 0x000001e42fb92e78
 Prev Bits: [0x000001e449ec0000, 0x000001e44bec0000)
 Next Bits: [0x000001e447ec0000, 0x000001e449ec0000)

Polling page: 0x000001e42f320000

Metaspace:

Usage:
  Non-class:     55.56 MB capacity,    54.58 MB ( 98%) used,   811.48 KB (  1%) free+waste,   186.56 KB ( <1%) overhead. 
      Class:      8.81 MB capacity,     8.11 MB ( 92%) used,   625.18 KB (  7%) free+waste,    90.94 KB (  1%) overhead. 
       Both:     64.36 MB capacity,    62.69 MB ( 97%) used,     1.40 MB (  2%) free+waste,   277.50 KB ( <1%) overhead. 

Virtual space:
  Non-class space:       64.00 MB reserved,      55.58 MB ( 87%) committed 
      Class space:      504.00 MB reserved,       8.88 MB (  2%) committed 
             Both:      568.00 MB reserved,      64.45 MB ( 11%) committed 

Chunk freelists:
   Non-Class:  23.00 KB
       Class:  4.00 KB
        Both:  27.00 KB

MaxMetaspaceSize: 512.00 MB
CompressedClassSpaceSize: 504.00 MB
Initial GC threshold: 20.80 MB
Current GC threshold: 98.79 MB
CDS: off

CodeHeap 'non-profiled nmethods': size=120064Kb used=3841Kb max_used=3841Kb free=116222Kb
 bounds [0x000001e43fd80000, 0x000001e440150000, 0x000001e4472c0000]
CodeHeap 'profiled nmethods': size=120000Kb used=12413Kb max_used=12413Kb free=107586Kb
 bounds [0x000001e438850000, 0x000001e439470000, 0x000001e43fd80000]
CodeHeap 'non-nmethods': size=5696Kb used=2369Kb max_used=2424Kb free=3326Kb
 bounds [0x000001e4382c0000, 0x000001e438530000, 0x000001e438850000]
 total_blobs=6676 nmethods=5798 adapters=790
 compilation: enabled
              stopped_count=0, restarted_count=0
 full_count=0

Compilation events (20 events):
Event: 32.059 Thread 0x000001e44e3ba000 5794       3       org.gradle.api.internal.DefaultCollectionCallbackActionDecorator$BuildOperationEmittingAction::<init> (20 bytes)
Event: 32.059 Thread 0x000001e44e3ba000 nmethod 5794 0x000001e439464010 code [0x000001e4394641c0, 0x000001e439464438]
Event: 32.064 Thread 0x000001e44e3ba000 5796   !   3       java.util.concurrent.ConcurrentHashMap::computeIfAbsent (576 bytes)
Event: 32.073 Thread 0x000001e44e3ba000 nmethod 5796 0x000001e439464510 code [0x000001e439464960, 0x000001e439467488]
Event: 32.074 Thread 0x000001e44e3ba000 5797       3       com.google.common.collect.ImmutableSet::rebuildHashTable (77 bytes)
Event: 32.076 Thread 0x000001e44e3ba000 nmethod 5797 0x000001e439468590 code [0x000001e4394687a0, 0x000001e439468e48]
Event: 32.095 Thread 0x000001e44e3ba000 5799       3       org.gradle.internal.classloader.CachingClassLoader::hashCode (8 bytes)
Event: 32.096 Thread 0x000001e44e3ba000 nmethod 5799 0x000001e439469110 code [0x000001e4394692c0, 0x000001e439469488]
Event: 32.114 Thread 0x000001e44e3ba000 5800       3       org.gradle.tooling.internal.provider.runner.BuildOperationTracker::discardState (1 bytes)
Event: 32.114 Thread 0x000001e44e3ba000 nmethod 5800 0x000001e439469590 code [0x000001e439469740, 0x000001e439469838]
Event: 32.115 Thread 0x000001e44e3ba000 5802       3       org.gradle.api.internal.artifacts.configurations.DefaultConfiguration::notifyChildren (40 bytes)
Event: 32.116 Thread 0x000001e44e3ba000 nmethod 5802 0x000001e439469910 code [0x000001e439469b20, 0x000001e43946a0d8]
Event: 32.116 Thread 0x000001e44e3ba000 5801       3       org.gradle.api.internal.artifacts.configurations.DefaultConfiguration::markAsModified (22 bytes)
Event: 32.116 Thread 0x000001e44e3ba000 nmethod 5801 0x000001e43946a290 code [0x000001e43946a440, 0x000001e43946a5f8]
Event: 32.116 Thread 0x000001e44e3ba000 5804       3       org.gradle.api.internal.artifacts.ivyservice.moduleconverter.DefaultRootComponentMetadataBuilder$MetadataHolder::validateMutation (27 bytes)
Event: 32.116 Thread 0x000001e44e3ba000 nmethod 5804 0x000001e43946a690 code [0x000001e43946a840, 0x000001e43946aa38]
Event: 32.116 Thread 0x000001e44e3ba000 5803       3       org.gradle.api.internal.project.DefaultProjectStateRegistry$CalculatedModelValueImpl::get (41 bytes)
Event: 32.119 Thread 0x000001e44e3ba000 nmethod 5803 0x000001e43946ab10 code [0x000001e43946ada0, 0x000001e43946b828]
Event: 32.131 Thread 0x000001e44e3ba000 5805       3       org.gradle.api.internal.DefaultNamedDomainObjectCollection::findByNameWithoutRules (11 bytes)
Event: 32.132 Thread 0x000001e44e3ba000 nmethod 5805 0x000001e43946bc10 code [0x000001e43946bdc0, 0x000001e43946bf88]

GC Heap History (20 events):
Event: 4.337 GC heap before
{Heap before GC invocations=2 (full 0):
 garbage-first heap   total 126976K, used 44655K [0x0000000080000000, 0x0000000100000000)
  region size 1024K, 38 young (38912K), 10 survivors (10240K)
 Metaspace       used 20218K, capacity 20527K, committed 20736K, reserved 534528K
  class space    used 2408K, capacity 2553K, committed 2560K, reserved 516096K
}
Event: 4.344 GC heap after
{Heap after GC invocations=3 (full 0):
 garbage-first heap   total 126976K, used 16932K [0x0000000080000000, 0x0000000100000000)
  region size 1024K, 2 young (2048K), 2 survivors (2048K)
 Metaspace       used 20218K, capacity 20527K, committed 20736K, reserved 534528K
  class space    used 2408K, capacity 2553K, committed 2560K, reserved 516096K
}
Event: 4.432 GC heap before
{Heap before GC invocations=3 (full 0):
 garbage-first heap   total 126976K, used 22052K [0x0000000080000000, 0x0000000100000000)
  region size 1024K, 8 young (8192K), 2 survivors (2048K)
 Metaspace       used 20740K, capacity 21127K, committed 21296K, reserved 536576K
  class space    used 2480K, capacity 2628K, committed 2688K, reserved 516096K
}
Event: 4.435 GC heap after
{Heap after GC invocations=4 (full 0):
 garbage-first heap   total 126976K, used 17228K [0x0000000080000000, 0x0000000100000000)
  region size 1024K, 2 young (2048K), 2 survivors (2048K)
 Metaspace       used 20740K, capacity 21127K, committed 21296K, reserved 536576K
  class space    used 2480K, capacity 2628K, committed 2688K, reserved 516096K
}
Event: 5.819 GC heap before
{Heap before GC invocations=5 (full 0):
 garbage-first heap   total 126976K, used 71500K [0x0000000080000000, 0x0000000100000000)
  region size 1024K, 55 young (56320K), 2 survivors (2048K)
 Metaspace       used 26466K, capacity 27062K, committed 27184K, reserved 540672K
  class space    used 3417K, capacity 3638K, committed 3712K, reserved 516096K
}
Event: 5.823 GC heap after
{Heap after GC invocations=6 (full 0):
 garbage-first heap   total 126976K, used 19075K [0x0000000080000000, 0x0000000100000000)
  region size 1024K, 4 young (4096K), 4 survivors (4096K)
 Metaspace       used 26466K, capacity 27062K, committed 27184K, reserved 540672K
  class space    used 3417K, capacity 3638K, committed 3712K, reserved 516096K
}
Event: 7.116 GC heap before
{Heap before GC invocations=6 (full 0):
 garbage-first heap   total 126976K, used 77443K [0x0000000080000000, 0x0000000100000000)
  region size 1024K, 61 young (62464K), 4 survivors (4096K)
 Metaspace       used 32319K, capacity 33071K, committed 33200K, reserved 544768K
  class space    used 4264K, capacity 4579K, committed 4608K, reserved 516096K
}
Event: 7.126 GC heap after
{Heap after GC invocations=7 (full 0):
 garbage-first heap   total 126976K, used 21345K [0x0000000080000000, 0x0000000100000000)
  region size 1024K, 6 young (6144K), 6 survivors (6144K)
 Metaspace       used 32319K, capacity 33071K, committed 33200K, reserved 544768K
  class space    used 4264K, capacity 4579K, committed 4608K, reserved 516096K
}
Event: 7.467 GC heap before
{Heap before GC invocations=7 (full 0):
 garbage-first heap   total 126976K, used 26465K [0x0000000080000000, 0x0000000100000000)
  region size 1024K, 12 young (12288K), 6 survivors (6144K)
 Metaspace       used 35008K, capacity 35783K, committed 35920K, reserved 548864K
  class space    used 4477K, capacity 4822K, committed 4864K, reserved 516096K
}
Event: 7.476 GC heap after
{Heap after GC invocations=8 (full 0):
 garbage-first heap   total 126976K, used 22295K [0x0000000080000000, 0x0000000100000000)
  region size 1024K, 6 young (6144K), 6 survivors (6144K)
 Metaspace       used 35008K, capacity 35783K, committed 35920K, reserved 548864K
  class space    used 4477K, capacity 4822K, committed 4864K, reserved 516096K
}
Event: 9.181 GC heap before
{Heap before GC invocations=9 (full 0):
 garbage-first heap   total 126976K, used 82711K [0x0000000080000000, 0x0000000100000000)
  region size 1024K, 63 young (64512K), 6 survivors (6144K)
 Metaspace       used 40067K, capacity 41095K, committed 41168K, reserved 552960K
  class space    used 5034K, capacity 5436K, committed 5504K, reserved 516096K
}
Event: 9.190 GC heap after
{Heap after GC invocations=10 (full 0):
 garbage-first heap   total 126976K, used 26891K [0x0000000080000000, 0x0000000100000000)
  region size 1024K, 8 young (8192K), 8 survivors (8192K)
 Metaspace       used 40067K, capacity 41095K, committed 41168K, reserved 552960K
  class space    used 5034K, capacity 5436K, committed 5504K, reserved 516096K
}
Event: 17.338 GC heap before
{Heap before GC invocations=10 (full 0):
 garbage-first heap   total 126976K, used 85259K [0x0000000080000000, 0x0000000100000000)
  region size 1024K, 65 young (66560K), 8 survivors (8192K)
 Metaspace       used 43947K, capacity 45115K, committed 45264K, reserved 557056K
  class space    used 5517K, capacity 6002K, committed 6016K, reserved 516096K
}
Event: 17.368 GC heap after
{Heap after GC invocations=11 (full 0):
 garbage-first heap   total 126976K, used 30176K [0x0000000080000000, 0x0000000100000000)
  region size 1024K, 4 young (4096K), 4 survivors (4096K)
 Metaspace       used 43947K, capacity 45115K, committed 45264K, reserved 557056K
  class space    used 5517K, capacity 6002K, committed 6016K, reserved 516096K
}
Event: 20.681 GC heap before
{Heap before GC invocations=11 (full 0):
 garbage-first heap   total 126976K, used 89568K [0x0000000080000000, 0x0000000100000000)
  region size 1024K, 62 young (63488K), 4 survivors (4096K)
 Metaspace       used 48399K, capacity 49718K, committed 49872K, reserved 561152K
  class space    used 6220K, capacity 6764K, committed 6784K, reserved 516096K
}
Event: 20.698 GC heap after
{Heap after GC invocations=12 (full 0):
 garbage-first heap   total 126976K, used 31561K [0x0000000080000000, 0x0000000100000000)
  region size 1024K, 5 young (5120K), 5 survivors (5120K)
 Metaspace       used 48399K, capacity 49718K, committed 49872K, reserved 561152K
  class space    used 6220K, capacity 6764K, committed 6784K, reserved 516096K
}
Event: 26.291 GC heap before
{Heap before GC invocations=12 (full 0):
 garbage-first heap   total 126976K, used 93001K [0x0000000080000000, 0x0000000100000000)
  region size 1024K, 65 young (66560K), 5 survivors (5120K)
 Metaspace       used 56900K, capacity 58374K, committed 58448K, reserved 567296K
  class space    used 7281K, capacity 7872K, committed 7936K, reserved 516096K
}
Event: 26.318 GC heap after
{Heap after GC invocations=13 (full 0):
 garbage-first heap   total 126976K, used 35911K [0x0000000080000000, 0x0000000100000000)
  region size 1024K, 7 young (7168K), 7 survivors (7168K)
 Metaspace       used 56900K, capacity 58374K, committed 58448K, reserved 567296K
  class space    used 7281K, capacity 7872K, committed 7936K, reserved 516096K
}
Event: 28.178 GC heap before
{Heap before GC invocations=13 (full 0):
 garbage-first heap   total 126976K, used 58439K [0x0000000080000000, 0x0000000100000000)
  region size 1024K, 27 young (27648K), 7 survivors (7168K)
 Metaspace       used 58654K, capacity 60102K, committed 60240K, reserved 569344K
  class space    used 7467K, capacity 8084K, committed 8192K, reserved 516096K
}
Event: 28.212 GC heap after
{Heap after GC invocations=14 (full 0):
 garbage-first heap   total 152576K, used 43033K [0x0000000080000000, 0x0000000100000000)
  region size 1024K, 4 young (4096K), 4 survivors (4096K)
 Metaspace       used 58654K, capacity 60102K, committed 60240K, reserved 569344K
  class space    used 7467K, capacity 8084K, committed 8192K, reserved 516096K
}

Deoptimization events (20 events):
Event: 31.888 Thread 0x000001e451a04800 DEOPT PACKING pc=0x000001e4400f55c8 sp=0x0000004cde7f5ef0
Event: 31.889 Thread 0x000001e451a04800 DEOPT UNPACKING pc=0x000001e4382c85af sp=0x0000004cde7f5e50 mode 2
Event: 31.906 Thread 0x000001e451a04800 Uncommon trap: trap_request=0xffffffbe fr.pc=0x000001e4400f55c8 relative=0x0000000000000de8
Event: 31.906 Thread 0x000001e451a04800 Uncommon trap: reason=profile_predicate action=maybe_recompile pc=0x000001e4400f55c8 method=java.util.TreeMap.getEntryUsingComparator(Ljava/lang/Object;)Ljava/util/TreeMap$Entry; @ 19 c2
Event: 31.906 Thread 0x000001e451a04800 DEOPT PACKING pc=0x000001e4400f55c8 sp=0x0000004cde7f65d0
Event: 31.906 Thread 0x000001e451a04800 DEOPT UNPACKING pc=0x000001e4382c85af sp=0x0000004cde7f6530 mode 2
Event: 31.906 Thread 0x000001e451a04800 Uncommon trap: trap_request=0xffffffbe fr.pc=0x000001e4400f55c8 relative=0x0000000000000de8
Event: 31.906 Thread 0x000001e451a04800 Uncommon trap: reason=profile_predicate action=maybe_recompile pc=0x000001e4400f55c8 method=java.util.TreeMap.getEntryUsingComparator(Ljava/lang/Object;)Ljava/util/TreeMap$Entry; @ 19 c2
Event: 31.906 Thread 0x000001e451a04800 DEOPT PACKING pc=0x000001e4400f55c8 sp=0x0000004cde7f65d0
Event: 31.906 Thread 0x000001e451a04800 DEOPT UNPACKING pc=0x000001e4382c85af sp=0x0000004cde7f6530 mode 2
Event: 31.974 Thread 0x000001e451a04800 Uncommon trap: trap_request=0xffffff4d fr.pc=0x000001e4400fbf84 relative=0x0000000000000324
Event: 31.974 Thread 0x000001e451a04800 Uncommon trap: reason=unstable_if action=reinterpret pc=0x000001e4400fbf84 method=org.gradle.internal.instantiation.generator.AbstractClassGenerator$InjectionAnnotationValidator.validateMethod(Ljava/lang/reflect/Method;Lorg/gradle/internal/reflect/Propert
Event: 31.974 Thread 0x000001e451a04800 DEOPT PACKING pc=0x000001e4400fbf84 sp=0x0000004cde7f6610
Event: 31.974 Thread 0x000001e451a04800 DEOPT UNPACKING pc=0x000001e4382c85af sp=0x0000004cde7f65c0 mode 2
Event: 31.974 Thread 0x000001e451a04800 Uncommon trap: trap_request=0xffffff4d fr.pc=0x000001e4400ffab4 relative=0x0000000000000794
Event: 31.974 Thread 0x000001e451a04800 Uncommon trap: reason=unstable_if action=reinterpret pc=0x000001e4400ffab4 method=org.gradle.internal.instantiation.generator.AbstractClassGenerator$InjectionAnnotationValidator.validateMethod(Ljava/lang/reflect/Method;Lorg/gradle/internal/reflect/Propert
Event: 31.974 Thread 0x000001e451a04800 DEOPT PACKING pc=0x000001e4400ffab4 sp=0x0000004cde7f6520
Event: 31.975 Thread 0x000001e451a04800 DEOPT UNPACKING pc=0x000001e4382c85af sp=0x0000004cde7f6510 mode 2
Event: 32.090 Thread 0x000001e451a04800 DEOPT PACKING pc=0x000001e438ee38f4 sp=0x0000004cde7f6770
Event: 32.090 Thread 0x000001e451a04800 DEOPT UNPACKING pc=0x000001e438309d0e sp=0x0000004cde7f5d10 mode 0

Classes redefined (0 events):
No events

Internal exceptions (20 events):
Event: 28.289 Thread 0x000001e451a04800 Implicit null exception at 0x000001e44002814c to 0x000001e4400285a4
Event: 28.761 Thread 0x000001e451a04800 Exception <a 'java/lang/NoSuchMethodError'{0x0000000088f78ed8}: 'java.lang.Object java.lang.invoke.Invokers$Holder.linkToTargetMethod(java.lang.Object, int, int, java.lang.Object)'> (0x0000000088f78ed8) thrown at [s\src\hotspot\share\interpreter\linkResolver.cpp, line 773]
Event: 28.767 Thread 0x000001e451a04800 Exception <a 'java/lang/NoSuchMethodError'{0x0000000088f93f80}: 'java.lang.Object java.lang.invoke.DirectMethodHandle$Holder.invokeStatic(java.lang.Object, java.lang.Object, int, int, java.lang.Object, java.lang.Object)'> (0x0000000088f93f80) thrown at [s\src\hotspot\share\interpreter\linkResolver.cpp, line 773]
Event: 28.793 Thread 0x000001e451a04800 Exception <a 'java/lang/NoSuchMethodError'{0x0000000088e11298}: 'java.lang.Object java.lang.invoke.DirectMethodHandle$Holder.invokeSpecial(java.lang.Object, java.lang.Object, java.lang.Object, java.lang.Object, java.lang.Object, int)'> (0x0000000088e11298) thrown at [s\src\hotspot\share\interpreter\linkResolver.cpp, line 773]
Event: 28.794 Thread 0x000001e451a04800 Exception <a 'java/lang/NoSuchMethodError'{0x0000000088e15b80}: 'java.lang.Object java.lang.invoke.Invokers$Holder.linkToTargetMethod(java.lang.Object, java.lang.Object, java.lang.Object, int, java.lang.Object)'> (0x0000000088e15b80) thrown at [s\src\hotspot\share\interpreter\linkResolver.cpp, line 773]
Event: 29.887 Thread 0x000001e451a04800 Exception <a 'java/lang/NoSuchMethodError'{0x000000008794f800}: 'java.lang.Object java.lang.invoke.DirectMethodHandle$Holder.invokeSpecial(java.lang.Object, java.lang.Object, int, int, java.lang.Object, java.lang.Object, java.lang.Object)'> (0x000000008794f800) thrown at [s\src\hotspot\share\interpreter\linkResolver.cpp, line 773]
Event: 29.888 Thread 0x000001e451a04800 Exception <a 'java/lang/NoSuchMethodError'{0x0000000087954578}: 'java.lang.Object java.lang.invoke.DelegatingMethodHandle$Holder.reinvoke_L(java.lang.Object, int, int, java.lang.Object, java.lang.Object, java.lang.Object)'> (0x0000000087954578) thrown at [s\src\hotspot\share\interpreter\linkResolver.cpp, line 773]
Event: 30.022 Thread 0x000001e451a04800 Implicit null exception at 0x000001e44003f854 to 0x000001e44003f9d0
Event: 30.022 Thread 0x000001e451a04800 Implicit null exception at 0x000001e440046d6c to 0x000001e4400481ec
Event: 30.623 Thread 0x000001e451a04800 Exception <a 'java/lang/NoSuchMethodError'{0x000000008703cda0}: 'java.lang.Object java.lang.invoke.DirectMethodHandle$Holder.invokeStatic(java.lang.Object, int, java.lang.Object, java.lang.Object, java.lang.Object)'> (0x000000008703cda0) thrown at [s\src\hotspot\share\interpreter\linkResolver.cpp, line 773]
Event: 30.624 Thread 0x000001e451a04800 Exception <a 'java/lang/NoSuchMethodError'{0x0000000087041d28}: 'java.lang.Object java.lang.invoke.DirectMethodHandle$Holder.invokeSpecial(java.lang.Object, java.lang.Object, int, java.lang.Object, java.lang.Object, java.lang.Object)'> (0x0000000087041d28) thrown at [s\src\hotspot\share\interpreter\linkResolver.cpp, line 773]
Event: 31.460 Thread 0x000001e451a04800 Exception <a 'java/lang/ClassNotFoundException'{0x0000000086887b08}: org/gradle/api/plugins/internal/DefaultBasePluginConventionBeanInfo> (0x0000000086887b08) thrown at [s\src\hotspot\share\classfile\systemDictionary.cpp, line 230]
Event: 31.463 Thread 0x000001e451a04800 Exception <a 'java/lang/ClassNotFoundException'{0x00000000868c2af8}: org/gradle/api/plugins/BasePluginConventionBeanInfo> (0x00000000868c2af8) thrown at [s\src\hotspot\share\classfile\systemDictionary.cpp, line 230]
Event: 31.465 Thread 0x000001e451a04800 Exception <a 'java/lang/ClassNotFoundException'{0x00000000868fd4d8}: org/gradle/api/plugins/BasePluginConventionCustomizer> (0x00000000868fd4d8) thrown at [s\src\hotspot\share\classfile\systemDictionary.cpp, line 230]
Event: 31.470 Thread 0x000001e451a04800 Exception <a 'java/lang/ClassNotFoundException'{0x0000000086348398}: org/gradle/api/plugins/internal/DefaultBasePluginConventionCustomizer> (0x0000000086348398) thrown at [s\src\hotspot\share\classfile\systemDictionary.cpp, line 230]
Event: 31.485 Thread 0x000001e451a04800 Exception <a 'java/lang/ClassNotFoundException'{0x00000000863c8320}: org/gradle/api/plugins/internal/DefaultJavaPluginConventionBeanInfo> (0x00000000863c8320) thrown at [s\src\hotspot\share\classfile\systemDictionary.cpp, line 230]
Event: 31.488 Thread 0x000001e451a04800 Exception <a 'java/lang/ClassNotFoundException'{0x00000000862037a8}: org/gradle/api/plugins/JavaPluginConventionBeanInfo> (0x00000000862037a8) thrown at [s\src\hotspot\share\classfile\systemDictionary.cpp, line 230]
Event: 31.491 Thread 0x000001e451a04800 Exception <a 'java/lang/ClassNotFoundException'{0x000000008623e188}: org/gradle/api/plugins/JavaPluginConventionCustomizer> (0x000000008623e188) thrown at [s\src\hotspot\share\classfile\systemDictionary.cpp, line 230]
Event: 31.494 Thread 0x000001e451a04800 Exception <a 'java/lang/ClassNotFoundException'{0x0000000086292a28}: org/gradle/api/plugins/internal/DefaultJavaPluginConventionCustomizer> (0x0000000086292a28) thrown at [s\src\hotspot\share\classfile\systemDictionary.cpp, line 230]
Event: 31.900 Thread 0x000001e451a04800 Exception <a 'java/lang/NoSuchMethodError'{0x0000000085a65a08}: 'int java.lang.invoke.DirectMethodHandle$Holder.invokeInterface(java.lang.Object, java.lang.Object, java.lang.Object, java.lang.Object)'> (0x0000000085a65a08) thrown at [s\src\hotspot\share\interpreter\linkResolver.cpp, line 773]

Events (20 events):
Event: 32.113 loading class org/gradle/api/artifacts/Configuration$State
Event: 32.113 loading class org/gradle/api/artifacts/Configuration$State done
Event: 32.113 loading class org/jetbrains/kotlin/gradle/internal/KotlinDependenciesManagementKt$sam$org_gradle_api_Action$0
Event: 32.113 loading class org/jetbrains/kotlin/gradle/internal/KotlinDependenciesManagementKt$sam$org_gradle_api_Action$0 done
Event: 32.115 loading class org/jetbrains/kotlin/gradle/internal/KotlinDependenciesManagementKt$configureKotlinTestDependency$1$1
Event: 32.115 loading class org/jetbrains/kotlin/gradle/internal/KotlinDependenciesManagementKt$configureKotlinTestDependency$1$1 done
Event: 32.132 loading class org/jetbrains/kotlin/gradle/internal/KotlinDependenciesManagementKt$nonProjectDependencies$1
Event: 32.132 loading class org/jetbrains/kotlin/gradle/internal/KotlinDependenciesManagementKt$nonProjectDependencies$1 done
Event: 32.133 loading class org/gradle/api/specs/Spec
Event: 32.133 loading class org/gradle/api/specs/Spec done
Event: 32.133 loading class org/gradle/api/artifacts/DependencySet
Event: 32.133 loading class org/gradle/api/artifacts/DependencySet done
Event: 32.136 loading class org/jetbrains/kotlin/gradle/internal/KotlinDependenciesManagementKt$configureKotlinTestDependency$1$1$1
Event: 32.136 loading class org/jetbrains/kotlin/gradle/internal/KotlinDependenciesManagementKt$configureKotlinTestDependency$1$1$1 done
Event: 32.143 loading class org/gradle/api/DomainObjectSet
Event: 32.143 loading class org/gradle/api/DomainObjectSet done
Event: 32.144 loading class org/jetbrains/kotlin/gradle/internal/KotlinDependenciesManagementKt$configureKotlinTestDependency$1$1$2$2
Event: 32.144 loading class org/jetbrains/kotlin/gradle/internal/KotlinDependenciesManagementKt$configureKotlinTestDependency$1$1$2$2 done
Event: 32.145 loading class org/jetbrains/kotlin/gradle/internal/KotlinDependenciesManagementKt$configureKotlinTestDependency$1$1$2$3
Event: 32.145 loading class org/jetbrains/kotlin/gradle/internal/KotlinDependenciesManagementKt$configureKotlinTestDependency$1$1$2$3 done


Dynamic libraries:
0x00007ff640dc0000 - 0x00007ff640dcd000 	C:\Program Files\Microsoft\jdk-11.0.19.7-hotspot\bin\java.exe
0x00007ff8e4810000 - 0x00007ff8e4a24000 	C:\WINDOWS\SYSTEM32\ntdll.dll
0x00007ff8e3980000 - 0x00007ff8e3a42000 	C:\WINDOWS\System32\KERNEL32.DLL
0x00007ff8e1ec0000 - 0x00007ff8e225c000 	C:\WINDOWS\System32\KERNELBASE.dll
0x00007ff8e2500000 - 0x00007ff8e2611000 	C:\WINDOWS\System32\ucrtbase.dll
0x00007ff8a9a30000 - 0x00007ff8a9a45000 	C:\Program Files\Microsoft\jdk-11.0.19.7-hotspot\bin\VCRUNTIME140.dll
0x00007ff8aabe0000 - 0x00007ff8aabf7000 	C:\Program Files\Microsoft\jdk-11.0.19.7-hotspot\bin\jli.dll
0x00007ff8e3550000 - 0x00007ff8e36fb000 	C:\WINDOWS\System32\USER32.dll
0x00007ff8e1cd0000 - 0x00007ff8e1cf6000 	C:\WINDOWS\System32\win32u.dll
0x00007ff8e3520000 - 0x00007ff8e3549000 	C:\WINDOWS\System32\GDI32.dll
0x00007ff8e1d00000 - 0x00007ff8e1e13000 	C:\WINDOWS\System32\gdi32full.dll
0x00007ff8e1e20000 - 0x00007ff8e1eba000 	C:\WINDOWS\System32\msvcp_win.dll
0x00007ff8cb010000 - 0x00007ff8cb29e000 	C:\WINDOWS\WinSxS\amd64_microsoft.windows.common-controls_6595b64144ccf1df_6.0.22621.608_none_a9444ca7c10bb01d\COMCTL32.dll
0x00007ff8e2630000 - 0x00007ff8e26d7000 	C:\WINDOWS\System32\msvcrt.dll
0x00007ff8e3940000 - 0x00007ff8e3971000 	C:\WINDOWS\System32\IMM32.DLL
0x00007ff89c700000 - 0x00007ff89c79b000 	C:\Program Files\Microsoft\jdk-11.0.19.7-hotspot\bin\msvcp140.dll
0x00007ff87a640000 - 0x00007ff87b1d3000 	C:\Program Files\Microsoft\jdk-11.0.19.7-hotspot\bin\server\jvm.dll
0x00007ff8e37b0000 - 0x00007ff8e385e000 	C:\WINDOWS\System32\ADVAPI32.dll
0x00007ff8e40d0000 - 0x00007ff8e4174000 	C:\WINDOWS\System32\sechost.dll
0x00007ff8e3fb0000 - 0x00007ff8e40c7000 	C:\WINDOWS\System32\RPCRT4.dll
0x00007ff8e3510000 - 0x00007ff8e3518000 	C:\WINDOWS\System32\PSAPI.DLL
0x00007ff8c9e70000 - 0x00007ff8c9e79000 	C:\WINDOWS\SYSTEM32\WSOCK32.dll
0x00007ff8e3730000 - 0x00007ff8e37a1000 	C:\WINDOWS\System32\WS2_32.dll
0x00007ff8d91f0000 - 0x00007ff8d9224000 	C:\WINDOWS\SYSTEM32\WINMM.dll
0x00007ff8d1bd0000 - 0x00007ff8d1bda000 	C:\WINDOWS\SYSTEM32\VERSION.dll
0x00007ff8e0c60000 - 0x00007ff8e0c78000 	C:\WINDOWS\SYSTEM32\kernel.appcore.dll
0x00007ff8c1c70000 - 0x00007ff8c1c80000 	C:\Program Files\Microsoft\jdk-11.0.19.7-hotspot\bin\verify.dll
0x00007ff8df5f0000 - 0x00007ff8df81e000 	C:\WINDOWS\SYSTEM32\DBGHELP.DLL
0x00007ff8e3a50000 - 0x00007ff8e3dd9000 	C:\WINDOWS\System32\combase.dll
0x00007ff8e3860000 - 0x00007ff8e3937000 	C:\WINDOWS\System32\OLEAUT32.dll
0x00007ff8d0bd0000 - 0x00007ff8d0c02000 	C:\WINDOWS\SYSTEM32\dbgcore.DLL
0x00007ff8e1c50000 - 0x00007ff8e1ccb000 	C:\WINDOWS\System32\bcryptPrimitives.dll
0x00007ff89c8d0000 - 0x00007ff89c8f8000 	C:\Program Files\Microsoft\jdk-11.0.19.7-hotspot\bin\java.dll
0x00007ff8c1a40000 - 0x00007ff8c1a4a000 	C:\Program Files\Microsoft\jdk-11.0.19.7-hotspot\bin\jimage.dll
0x00007ff8a24f0000 - 0x00007ff8a2508000 	C:\Program Files\Microsoft\jdk-11.0.19.7-hotspot\bin\zip.dll
0x00007ff8e29b0000 - 0x00007ff8e31a0000 	C:\WINDOWS\System32\SHELL32.dll
0x00007ff8dfc10000 - 0x00007ff8e04dd000 	C:\WINDOWS\SYSTEM32\windows.storage.dll
0x00007ff8dfad0000 - 0x00007ff8dfc0e000 	C:\WINDOWS\SYSTEM32\wintypes.dll
0x00007ff8e3eb0000 - 0x00007ff8e3fa1000 	C:\WINDOWS\System32\SHCORE.dll
0x00007ff8e3e50000 - 0x00007ff8e3eae000 	C:\WINDOWS\System32\shlwapi.dll
0x00007ff8e1b80000 - 0x00007ff8e1ba1000 	C:\WINDOWS\SYSTEM32\profapi.dll
0x00007ff8a5eb0000 - 0x00007ff8a5ec9000 	C:\Program Files\Microsoft\jdk-11.0.19.7-hotspot\bin\net.dll
0x00007ff8d8cf0000 - 0x00007ff8d8e27000 	C:\WINDOWS\SYSTEM32\WINHTTP.dll
0x00007ff8e10c0000 - 0x00007ff8e1129000 	C:\WINDOWS\system32\mswsock.dll
0x00007ff8a14e0000 - 0x00007ff8a14f3000 	C:\Program Files\Microsoft\jdk-11.0.19.7-hotspot\bin\nio.dll
0x00007ff8ccf90000 - 0x00007ff8ccfb7000 	C:\Users\VISHAMBAR DUTT\.gradle\native\e1d6ef7f7dcc3fd88c89a11ec53ec762bb8ba0a96d01ffa2cd45eb1d1d8dd5c5\windows-amd64\native-platform.dll
0x00007ff8a7e00000 - 0x00007ff8a7f44000 	C:\Users\VISHAMBAR DUTT\.gradle\native\0d407fdbe67a94daf76414ababcb853783967236a71b16ec16e742cd7a986fd3\windows-amd64\native-platform-file-events.dll
0x00007ff8bc5c0000 - 0x00007ff8bc5c9000 	C:\Program Files\Microsoft\jdk-11.0.19.7-hotspot\bin\management.dll
0x00007ff8bc510000 - 0x00007ff8bc51b000 	C:\Program Files\Microsoft\jdk-11.0.19.7-hotspot\bin\management_ext.dll
0x00007ff8e13e0000 - 0x00007ff8e13fb000 	C:\WINDOWS\SYSTEM32\CRYPTSP.dll
0x00007ff8e0bd0000 - 0x00007ff8e0c05000 	C:\WINDOWS\system32\rsaenh.dll
0x00007ff8e1160000 - 0x00007ff8e1188000 	C:\WINDOWS\SYSTEM32\USERENV.dll
0x00007ff8e1530000 - 0x00007ff8e1558000 	C:\WINDOWS\SYSTEM32\bcrypt.dll
0x00007ff8e13c0000 - 0x00007ff8e13cc000 	C:\WINDOWS\SYSTEM32\CRYPTBASE.dll
0x00007ff8e0730000 - 0x00007ff8e075d000 	C:\WINDOWS\SYSTEM32\IPHLPAPI.DLL
0x00007ff8e3720000 - 0x00007ff8e3729000 	C:\WINDOWS\System32\NSI.dll
0x00007ff8d8f30000 - 0x00007ff8d8f49000 	C:\WINDOWS\SYSTEM32\dhcpcsvc6.DLL
0x00007ff8d8f10000 - 0x00007ff8d8f2f000 	C:\WINDOWS\SYSTEM32\dhcpcsvc.DLL
0x00007ff8e07a0000 - 0x00007ff8e0893000 	C:\WINDOWS\SYSTEM32\DNSAPI.dll
0x00007ff8da5e0000 - 0x00007ff8da5ee000 	C:\Program Files\Microsoft\jdk-11.0.19.7-hotspot\bin\sunmscapi.dll
0x00007ff8e2260000 - 0x00007ff8e23c6000 	C:\WINDOWS\System32\CRYPT32.dll
0x00007ff8e1500000 - 0x00007ff8e152e000 	C:\WINDOWS\SYSTEM32\ncrypt.dll
0x00007ff8e14c0000 - 0x00007ff8e14f7000 	C:\WINDOWS\SYSTEM32\NTASN1.dll
0x00007ff8ccd00000 - 0x00007ff8ccd25000 	C:\Program Files\Microsoft\jdk-11.0.19.7-hotspot\bin\sunec.dll
0x00007ff8d1f70000 - 0x00007ff8d1f7a000 	C:\Windows\System32\rasadhlp.dll
0x00007ff8d36e0000 - 0x00007ff8d3763000 	C:\WINDOWS\System32\fwpuclnt.dll

dbghelp: loaded successfully - version: 4.0.5 - missing functions: none
symbol engine: initialized successfully - sym options: 0x614 - pdb path: .;C:\Program Files\Microsoft\jdk-11.0.19.7-hotspot\bin;C:\WINDOWS\SYSTEM32;C:\WINDOWS\WinSxS\amd64_microsoft.windows.common-controls_6595b64144ccf1df_6.0.22621.608_none_a9444ca7c10bb01d;C:\Program Files\Microsoft\jdk-11.0.19.7-hotspot\bin\server;C:\Users\VISHAMBAR DUTT\.gradle\native\e1d6ef7f7dcc3fd88c89a11ec53ec762bb8ba0a96d01ffa2cd45eb1d1d8dd5c5\windows-amd64;C:\Users\VISHAMBAR DUTT\.gradle\native\0d407fdbe67a94daf76414ababcb853783967236a71b16ec16e742cd7a986fd3\windows-amd64

VM Arguments:
jvm_args: -XX:MaxMetaspaceSize=512m --add-opens=java.base/java.util=ALL-UNNAMED --add-opens=java.base/java.lang=ALL-UNNAMED --add-opens=java.base/java.lang.invoke=ALL-UNNAMED --add-opens=java.base/java.util=ALL-UNNAMED --add-opens=java.prefs/java.util.prefs=ALL-UNNAMED --add-opens=java.prefs/java.util.prefs=ALL-UNNAMED --add-opens=java.base/java.nio.charset=ALL-UNNAMED --add-opens=java.base/java.net=ALL-UNNAMED --add-opens=java.base/java.util.concurrent.atomic=ALL-UNNAMED -Xmx2048m -Dfile.encoding=windows-1252 -Duser.country=IN -Duser.language=en -Duser.variant 
java_command: org.gradle.launcher.daemon.bootstrap.GradleDaemon 7.5.1
java_class_path (initial): C:\Users\VISHAMBAR DUTT\.gradle\wrapper\dists\gradle-7.5.1-all\1ehga6e77gqps5uk2kc5kf1vc\gradle-7.5.1\lib\gradle-launcher-7.5.1.jar
Launcher Type: SUN_STANDARD

[Global flags]
     intx CICompilerCount                          = 3                                         {product} {ergonomic}
   size_t CompressedClassSpaceSize                 = 528482304                                 {product} {ergonomic}
     uint ConcGCThreads                            = 1                                         {product} {ergonomic}
     uint G1ConcRefinementThreads                  = 4                                         {product} {ergonomic}
   size_t G1HeapRegionSize                         = 1048576                                   {product} {ergonomic}
    uintx GCDrainStackTargetSize                   = 64                                        {product} {ergonomic}
   size_t InitialHeapSize                          = 130023424                                 {product} {ergonomic}
   size_t MarkStackSize                            = 4194304                                   {product} {ergonomic}
   size_t MaxHeapSize                              = 2147483648                                {product} {command line}
   size_t MaxMetaspaceSize                         = 536870912                                 {product} {command line}
   size_t MaxNewSize                               = 1287651328                                {product} {ergonomic}
   size_t MinHeapDeltaBytes                        = 1048576                                   {product} {ergonomic}
    uintx NonNMethodCodeHeapSize                   = 5830732                                {pd product} {ergonomic}
    uintx NonProfiledCodeHeapSize                  = 122913754                              {pd product} {ergonomic}
    uintx ProfiledCodeHeapSize                     = 122913754                              {pd product} {ergonomic}
    uintx ReservedCodeCacheSize                    = 251658240                              {pd product} {ergonomic}
     bool SegmentedCodeCache                       = true                                      {product} {ergonomic}
     bool UseCompressedClassPointers               = true                                 {lp64_product} {ergonomic}
     bool UseCompressedOops                        = true                                 {lp64_product} {ergonomic}
     bool UseG1GC                                  = true                                      {product} {ergonomic}
     bool UseLargePagesIndividualAllocation        = false                                  {pd product} {ergonomic}

Logging:
Log output configuration:
 #0: stdout all=warning uptime,level,tags
 #1: stderr all=off uptime,level,tags

Environment Variables:
JAVA_HOME=C:\Program Files\Microsoft\jdk-11.0.19.7-hotspot
CLASSPATH=D:\Portfolio\react_native\android\\gradle\wrapper\gradle-wrapper.jar
PATH=D:\Portfolio\react_native\android\node_modules\.bin;D:\Portfolio\react_native\node_modules\.bin;D:\Portfolio\node_modules\.bin;D:\node_modules\.bin;C:\Program Files\nodejs;D:\Portfolio\react_native\node_modules\.bin;D:\Portfolio\node_modules\.bin;D:\node_modules\.bin;C:\Users\VISHAMBAR DUTT\AppData\Roaming\npm\node_modules\npm\node_modules\@npmcli\run-script\lib\node-gyp-bin;D:\Portfolio\react_native\node_modules\.bin;D:\Portfolio\react_native\node_modules\.bin;D:\Portfolio\node_modules\.bin;D:\node_modules\.bin;C:\Program Files\nodejs;D:\Portfolio\react_native\node_modules\.bin;D:\Portfolio\node_modules\.bin;D:\node_modules\.bin;C:\Users\VISHAMBAR DUTT\AppData\Roaming\npm\node_modules\npm\node_modules\@npmcli\run-script\lib\node-gyp-bin;C:\Program Files\PowerShell\7;C:\Program Files\Microsoft\jdk-11.0.19.7-hotspot\bin;C:\Program Files\Microsoft\jdk-11.0.19.7-hotspot\bin;C:\ProgramData\chocolatey\bin;C:\Program Files\nodejs\;C:\Users\VISHAMBAR DUTT\AppData\Local\Android\Sdk\platform-tools;C:\Program Files\Git\cmd;C:\Users\VISHAMBAR DUTT\AppData\Local\Microsoft\WindowsApps;C:\Program Files\Java\jdk-17.0.5\bin;C:\apache-ant-1.9.16\bin;C:\Users\VISHAMBAR DUTT\AppData\Roaming\npm;C:\Users\VISHAMBAR DUTT\AppData\Local\Programs\Microsoft VS Code\bin;D:\Portfolio\react_native\node_modules\.bin
USERNAME=admin
LANG=en_US.UTF-8
OS=Windows_NT
PROCESSOR_IDENTIFIER=Intel64 Family 6 Model 126 Stepping 5, GenuineIntel
TMP=C:\Users\VISHAM~1\AppData\Local\Temp
TEMP=C:\Users\VISHAM~1\AppData\Local\Temp



---------------  S Y S T E M  ---------------

OS: Windows 11 , 64 bit Build 22621 (10.0.22621.1485)
OS uptime: 0 days 2:51 hours
Hyper-V role detected

CPU:total 4 (initial active 4) (2 cores per cpu, 2 threads per core) family 6 model 126 stepping 5 microcode 0xa8, cmov, cx8, fxsr, mmx, sse, sse2, sse3, ssse3, sse4.1, sse4.2, popcnt, avx, avx2, aes, clmul, erms, 3dnowpref, lzcnt, ht, tsc, tscinvbit, bmi1, bmi2, adx, evex, sha, fma

Memory: 4k page, system-wide physical 7934M (328M free)
TotalPageFile size 7934M (AvailPageFile size 10M)
current process WorkingSet (physical memory assigned to process): 330M, peak: 334M
current process commit charge ("private bytes"): 366M, peak: 370M

vm_info: OpenJDK 64-Bit Server VM (11.0.19+7-LTS) for windows-amd64 JRE (11.0.19+7-LTS), built on Apr 12 2023 23:36:40 by "MicrosoftCorporation" with MS VC++ 15.9 (VS2017)

END.
